3.464
5404.865
8148.433
21.651
2525.330
5681.993
886.810
1385.641
2813.717
6554.946
169.741
1001.125
124.708
7.794
5823.155
2341.733
886.810
169.741
221.703
7.794
3222.481
3329.002
312.635
5681.993
2525.330
2715.856
7981.290
2525.330
7490.254
5966.049
1832.510
1913.050
146.358
7652.200
7.794
280.592
585.433
6405.124
70.148
5823.155
4489.476
458.127
3887.588
6110.675
541.266
0.866
6554.946
2715.856
169.741
3.464
2913.309
585.433
194.856
678.964
31.177
346.410
1060.881
2525.330
4615.049
5542.563
6706.501
4243.524
585.433
2341.733
221.703
5542.563
4123.147
1455.789
3658.957
5268.899
4871.393
1122.369
8660.254
7490.254
4365.634
5002.163
7490.254
86.603
832.250
2913.309
3437.255
1385.641
5966.049
779.423
312.635
1455.789
2079.327
2525.330
7652.200
4742.355
943.102
943.102
7815.879
86.603
6110.675
86.603
6859.787
13.856
2252.532
21.651
