135806.640
798129.012
474235.511
458979.608
314894.631
92037.716
747415.431
212197.875
450195.512
50717.912
547349.706
7490.254
8834.325
693707.999
331827.160
66929.907
295363.160
852224.423
176932.454
40032.024
9547.930
212197.875
308659.248
37828.856
859111.057
295363.160
492349.298
621294.419
462770.201
207932.699
819891.364
198701.735
555642.765
440260.468
36750.654
140650.320
131722.464
15550.352
54126.588
10478.907
457719.541
135806.640
35337.301
28059.223
358057.337
25620.496
566797.172
44233.114
23009.429
58543.317
543226.559
331827.160
493656.131
130374.928
593733.160
9010.128
90351.564
292336.401
778300.494
142752.163
154225.268
733003.902
676760.748
42681.196
838534.293
6859.787
826646.363
455204.603
286329.649
289325.231
29961.015
78462.768
91473.933
474235.511
599483.569
809810.829
718732.669
354724.005
257231.196
157162.826
54996.077
97770.804
135806.640
31.177
5002.163
43066.577
9915.125
137181.888
21075.594
142752.163
558420.975
288324.972
91473.933
407548.091
19746.245
378384.685
13968.124
198701.735
128366.615
425565.749
2715.856
282359.789
107914.560
464037.196
379530.437
29639.719
423140.878
283349.656
26826.003
306594.644
105482.760
157901.546
749025.372
8148.433
161621.125
110374.072
88127.611
685978.722
9915.125
590868.348
362526.028
715580.337
493656.131
90911.883
776659.376
709296.456
838534.293
156425.839
127036.400
448947.569
197045.894
540486.455
356944.495
595168.165
235074.802
79508.926
115376.234
282359.789
44625.423
253469.181
23577.542
744200.744
809810.829
173039.670
458.127
488439.194
558420.975
417109.011
852224.423
58994.517
233273.469
353616.359
25028.134
338291.173
801458.014
189680.348
242349.415
76391.235
689065.237
59902.111
221.703
117280.624
141349.202
86.603
260070.893
66449.263
84302.377
721891.930
621294.419
685978.722
561206.112
114744.902
578062.431
514801.007
568199.267
31593.473
235074.802
804793.944
676760.748
227911.039
43842.536
493656.131
219112.221
481956.994
124396.755
576648.211
276456.960
58543.317
10863.423
565396.809
235978.066
198701.735
240520.369
66929.907
206238.754
4742.355
265797.053
20008.651
98938.206
489740.830
133756.758
17462.536
11453.186
272556.381
60816.634
65970.351
489740.830
533666.504
303510.727
843655.102
364770.766
24442.701
475518.095
219112.221
721891.930
12470.766
87575.953
595168.165
462770.201
528241.721
350303.812
315939.924
324364.619
22727.971
672175.143
8487.915
298405.507
535027.030
313851.070
66449.263
250665.857
104277.253
151315.423
368150.863
712434.932
1001.125
67896.392
86.603
580896.066
657002.378
860837.046
580896.066
1250.541
470398.153
89792.978
78984.981
37467.723
850507.095
14635.829
761967.255
516137.284
11855.022
254407.087
467848.574
343725.483
154225.268
600925.501
279400.580
271585.567
536389.288
616901.072
8148.433
203710.826
326488.113
8660.254
132398.830
362526.028
124396.755
139257.751
578062.431
53694.441
136493.398
845365.502
352510.444
203710.826
378384.685
763592.785
415907.834
367022.432
152766.881
343725.483
518815.035
682899.136
236883.063
223489.980
653988.610
76391.235
415907.834
165384.005
634567.990
598043.369
345911.331
784882.288
85931.371
51983.175
2252.532
2813.717
51559.688
160128.097
566797.172
147002.616
779.423
268683.515
137872.110
386441.320
1527.669
3014.634
794806.939
466576.382
3329.002
461504.938
442733.837
30284.042
329686.345
301463.443
418311.921
608161.144
679826.478
472954.660
65017.723
7490.254
734598.255
709296.456
135806.640
298405.507
218241.866
172266.309
358057.337
480665.750
44625.423
176932.454
21075.594
321192.368
112236.892
712434.932
341546.563
139257.751
806464.507
296375.544
204551.736
585.433
384130.764
264838.363
39290.707
349203.093
17462.536
58093.850
192936.604
124396.755
105482.760
480665.750
192119.942
62666.464
0.866
649480.948
633086.221
218241.866
380677.921
624231.977
52408.393
50717.912
368150.863
492349.298
625703.354
124.708
377240.666
197045.894
147002.616
824955.015
147717.087
698366.350
108526.840
5404.865
557031.004
729820.392
440260.468
770112.224
26826.003
29320.156
392248.020
664567.110
67896.392
212197.875
17957.903
67896.392
439026.382
862564.766
529595.319
121136.169
619828.238
124396.755
809810.829
214777.764
202871.647
576648.211
642002.818
212197.875
359171.912
64072.023
192119.942
2813.717
235074.802
26826.003
205394.379
89792.978
7490.254
262926.179
328618.536
332900.165
6405.124
71831.611
212197.875
115376.234
529595.319
352510.444
859111.057
618363.789
843655.102
522844.651
41535.444
29320.156
223489.980
249734.880
943.102
101887.023
430436.276
690611.092
608161.144
104879.140
231479.064
377240.666
494964.695
1185.589
603814.562
305564.939
437794.028
67412.283
17957.903
92037.716
698366.350
45415.238
808136.802
479376.238
304536.967
8487.915
125713.114
766849.041
771746.414
447701.359
445214.134
228800.448
55872.495
287326.444
2165.064
71333.646
731411.281
9730.661
244185.389
10101.320
178501.692
1913.050
12263.786
272556.381
164627.965
786532.066
222610.964
18460.198
294352.508
365895.733
586584.121
199532.253
669126.734
16974.098
43066.577
586584.121
49468.237
789836.819
504173.143
246952.340
541.266
599483.569
1913.050
66929.907
498900.781
173814.763
726643.811
728.327
265797.053
552871.484
16018.006
111614.220
618363.789
55872.495
63601.772
345911.331
269649.134
522844.651
14411.529
209633.573
157901.546
784882.288
816524.258
373819.000
7171.556
257231.196
598043.369
401628.807
627176.463
775019.990
39660.499
663050.700
14411.529
58543.317
220858.129
681361.941
3117.691
516137.284
726643.811
325425.500
281371.654
140650.320
90351.564
509473.219
70.148
304536.967
137181.888
729820.392
451445.187
669126.734
145578.870
18969.420
596604.901
464037.196
21075.594
64072.023
66449.263
98938.206
786532.066
198701.735
69359.109
232375.400
431658.238
504173.143
14635.829
273528.928
365895.733
30935.293
96032.691
728231.236
20272.789
706164.908
88127.611
195396.982
381.917
399273.218
152040.286
151315.423
308659.248
16974.098
75877.682
31.177
353616.359
197045.894
470398.153
18460.198
8834.325
115376.234
202871.647
142049.817
616901.072
12058.538
736194.339
703040.289
672175.143
2252.532
184847.926
673701.946
302486.219
545973.591
551488.441
478088.458
1995.323
189680.348
280385.251
4004.501
18713.943
100112.537
608161.144
478088.458
598043.369
203710.826
8660.254
585159.509
85386.641
605261.691
809810.829
148433.290
34988.292
557031.004
579478.382
135806.640
64072.023
7171.556
363647.531
219984.309
211341.375
10289.248
128366.615
6110.675
55872.495
246952.340
27748.320
370412.922
0.866
483249.970
4615.049
215641.192
6405.124
717155.637
304536.967
62666.464
135121.614
414708.389
7014.806
3117.691
241434.026
144162.053
193754.998
5542.563
273528.928
356944.495
592299.888
600925.501
6110.675
194575.124
409927.929
288324.972
755482.457
4489.476
378384.685
30284.042
316986.948
609613.468
31925.160
793148.500
760343.458
60816.634
180077.858
121784.822
26219.785
1995.323
358057.337
733003.902
474235.511
464037.196
830034.254
331827.160
208782.270
558420.975
2165.064
2341.733
548727.552
664567.110
48234.151
670650.073
105482.760
737792.156
180077.858
68869.804
855664.276
11653.238
582315.482
781587.927
81091.155
124.708
58093.850
51137.934
341546.563
441496.287
813164.079
555642.765
11058.278
323305.470
4615.049
36040.513
417109.011
140650.320
26219.785
29320.156
269649.134
43066.577
299423.087
107914.560
8317.308
586584.121
46612.951
551488.441
8317.308
409927.929
160873.745
169956.619
20806.260
54560.466
133756.758
572415.945
326488.113
367022.432
143456.242
304536.967
443973.119
121784.822
133756.758
28059.223
840239.497
578062.431
469122.497
779.423
283349.656
715580.337
276456.960
14411.529
15089.627
20008.651
200364.503
292336.401
92603.230
440260.468
124396.755
155690.583
489740.830
566797.172
649480.948
710864.828
146289.877
322248.053
446456.880
122435.207
324364.619
13316.007
811486.588
399273.218
625703.354
440260.468
38556.317
602369.166
672175.143
775019.990
40032.024
176932.454
36750.654
526889.856
291330.946
98353.639
69359.109
147717.087
63133.252
799792.647
13531.647
866025.404
127700.642
664567.110
565396.809
313851.070
15319.123
282359.789
274503.206
35688.041
76906.520
26522.028
92037.716
61276.493
36394.718
26826.003
94310.166
149151.225
112861.297
38191.720
112236.892
745807.221
379530.437
277436.434
432881.932
304536.967
55872.495
100702.300
21.651
663050.700
78984.981
200364.503
661536.021
1185.589
434107.358
1001.125
352510.444
612523.314
315939.924
34988.292
1601.281
703040.289
457719.541
448947.569
232375.400
750637.045
52835.344
621294.419
103677.097
798129.012
2813.717
2813.717
681361.941
4243.524
821577.516
773382.336
169.741
291330.946
351406.262
312.635
178501.692
761967.255
627176.463
400450.147
823265.399
718732.669
440260.468
804793.944
9187.664
386441.320
230584.460
213916.069
733003.902
305564.939
40405.281
166141.778
238698.252
575235.724
69850.145
42681.196
518815.035
414708.389
66929.907
124.708
501533.498
315939.924
82154.634
520156.508
29002.325
771746.414
18208.184
845365.502
47420.087
104277.253
385285.176
271585.567
57200.112
462770.201
236883.063
111614.220
137181.888
132398.830
633086.221
87575.953
838534.293
154957.059
9915.125
640512.389
300442.399
476802.410
5681.993
441496.287
163121.081
437794.028
455204.603
258176.029
85386.641
127700.642
391083.216
622762.332
92603.230
24442.701
30284.042
271585.567
229691.588
36750.654
12263.786
514801.007
758721.392
855664.276
201198.486
407548.091
127700.642
409927.929
109140.852
447701.359
184847.926
184048.585
290327.222
2165.064
35337.301
376098.378
504173.143
843655.102
450195.512
609613.468
246028.291
129034.321
42681.196
267719.629
296375.544
261020.923
453949.732
516137.284
183250.975
49055.143
93739.456
290327.222
112236.892
328618.536
739391.705
32258.580
78462.768
81622.028
672175.143
42.435
123087.325
101293.795
580896.066
789836.819
479376.238
120489.248
808136.802
221733.680
111614.220
407548.091
103078.674
51137.934
155690.583
729820.392
552871.484
55.426
188062.613
235978.066
525539.722
742595.999
10670.299
9915.125
634567.990
191305.012
4871.393
525539.722
194.856
121784.822
165384.005
693707.999
466576.382
572415.945
299423.087
263881.405
12470.766
94882.609
739391.705
165384.005
30935.293
349203.093
194575.124
678292.747
666085.253
696811.834
557031.004
394582.825
709296.456
332900.165
260070.893
1060.881
257231.196
86.603
211341.375
489740.830
599483.569
279400.580
673701.946
619828.238
768479.766
87575.953
7330.039
631.333
201198.486
832.250
290327.222
786532.066
441496.287
631606.183
131047.830
704601.733
206238.754
644988.874
535027.030
115376.234
498900.781
763592.785
132398.830
