3401
3401
3401
3401
3400
3400
3400
3400
3400
3399
3399
3399
3399
3399
3399
3399
3399
3399
3399
3399
3399
3399
3399
3399
3399
3398
3398
3398
3398
3398
3398
3398
3398
3398
3398
3398
3398
3398
3398
3398
3398
3398
3398
3398
3398
3398
3398
3398
3398
3397
3397
3397
3397
3397
3397
3397
3397
3397
3397
3397
3397
3397
3397
3397
3397
3397
3397
3397
3397
3397
3397
3397
3397
3397
3397
3397
3397
3397
3397
3397
3397
3397
3397
3397
3397
3397
3397
3397
3397
3397
3397
3397
3397
3397
3397
3397
3397
3397
3397
3397
