1412
998
2211
1726
1072
1603
1567
1009
2603
2480
2054
1967
1529
1386
1460
1481
992
2141
1857
1709
1800
1606
1525
1941
2719
1207
2024
1882
1028
1792
1303
1227
1948
1582
730
2163
1466
1160
1833
2207
1766
2133
1532
1201
1515
1684
1606
2666
1803
1222
2057
1312
1760
1360
2914
828
2294
1759
1200
2122
1939
1819
1962
1748
1844
2539
1872
1895
1809
2031
1338
2589
1402
1388
2542
2247
1372
2381
2228
1631
1613
2555
1561
2514
2854
1262
2413
1907
1594
2717
2019
1814
2214
1881
1323
2957
2595
1633
1660
1546
828
1353
1471
1663
2240
1862
1242
2139
2407
909
1964
1717
1375
2448
1908
1530
1419
2614
1383
1632
1439
1256
1728
1557
1395
2513
1647
1546
1714
2054
1308
1877
2243
1088
1656
1272
1290
2246
2537
1789
1870
1756
1668
1971
1328
1975
1566
2431
1301
1407
2123
1011
1927
1977
1804
1561
2026
1600
1770
2154
1740
1485
2073
1059
1412
2576
1444
1863
1649
1813
2479
2116
776
2149
1860
1095
2709
1643
1585
1781
2913
2079
1790
2544
932
2301
1638
1111
1717
1399
2061
1320
1486
1933
3036
1457
1552
1936
2480
1498
2082
1800
1247
2877
1857
1406
2119
2726
2464
1570
2286
854
1504
2461
1761
2152
2625
771
3042
2174
1779
1473
1786
2353
2638
1457
1280
1411
2574
1789
2302
2074
896
2360
1630
1995
1766
2226
1551
1819
1526
2039
2315
2319
1200
3003
1700
979
1966
2502
1361
1517
1770
1546
2119
2443
1773
1730
2011
1344
2440
1588
1230
2639
2686
2082
1694
1536
1314
1459
1808
1956
2428
1884
1529
2084
2128
1064
1422
2378
1679
1549
3231
1563
1708
1634
833
1519
1768
2030
1924
1568
1075
1904
2895
1351
1665
1755
1467
2312
1678
1890
1730
1359
1093
1849
2258
1423
2677
1217
1349
1526
2392
1515
1525
2261
1703
2334
1716
1099
1868
1267
1387
1864
1706
1805
1800
2101
1001
1989
2358
1299
1565
1588
2476
2765
1907
1126
2312
1973
2053
1405
2421
1252
1266
2675
2127
1273
1604
807
1714
1611
1200
1478
1792
1900
2948
1975
1493
1507
1466
1256
2222
1220
2069
1433
1898
1443
1401
2945
1256
1715
1499
954
2465
1962
2292
2062
1917
1570
1815
1705
1595
1763
1452
1982
1833
2261
2757
1280
2494
1359
1825
2003
1162
2237
1339
980
2003
2474
1595
2065
1432
1206
1529
2018
1903
1674
1350
1323
2141
1274
1537
1532
2680
1282
1804
2722
1083
1806
1745
1083
1951
2098
1910
2132
1647
1006
1573
1747
2112
2244
1960
2038
1975
2174
1981
2498
2918
1072
1964
1805
1685
1699
2589
1676
2818
2879
1242
2041
1685
2142
2240
1948
1544
2268
1747
1714
1354
1741
1880
1702
1285
1732
1512
1690
1302
2070
1370
1020
2602
2178
869
1523
1558
1195
1852
1642
1177
1630
1590
860
1501
2030
1331
2180
1926
940
2334
1638
1424
1763
2094
1319
2613
1549
1672
1728
2243
1449
1361
1558
1410
2687
2700
1769
1658
1609
1259
1834
1490
2587
1499
2274
1629
1626
2045
990
1801
1895
979
2447
1575
977
1947
2299
1564
2097
2227
2031
2285
2561
1313
2892
1710
1004
2166
1657
1221
1879
1691
1808
1328
1513
2180
2350
1895
1453
1882
1924
1714
3027
2012
873
2114
2217
1538
1677
2856
1040
1473
2665
1985
1699
1904
1545
2766
2945
2376
3017
1637
2194
2458
1549
1539
1637
1411
1453
1378
2036
1214
1571
1814
1676
1722
1505
1526
1884
1276
1033
2656
1963
1720
2078
2269
1041
1704
1584
2376
1492
1804
1852
1606
2385
1048
1612
1704
919
2643
1589
2485
2760
2073
1117
2166
2437
2066
2177
1418
2190
2747
1889
1259
1917
1768
1800
1926
2304
1805
2284
1527
925
1484
1865
1893
1483
1794
2428
1714
2570
1542
2127
2563
1117
1692
1713
1447
1953
1542
1778
1920
1548
1390
2622
1938
1289
1834
1399
1171
1845
2641
2014
1776
2818
1758
1317
2067
1284
1594
2537
980
1664
1360
1398
2169
1710
1068
1578
1720
1665
2239
1574
2035
1600
1588
1506
3001
2187
868
1852
2398
1353
2587
1897
1250
2559
1947
1715
2277
2020
2350
1412
2055
1509
2992
1480
2200
1358
2558
2788
2626
1612
730
1910
1644
1192
1707
2529
1496
1347
2644
2191
1389
1286
1148
2038
1406
1106
1596
2366
1682
2177
1489
1100
1718
1852
935
1635
1997
1768
2031
1740
1491
1737
1982
1210
2446
1649
1962
1302
2047
848
2243
1760
2266
1794
2319
1430
1395
1926
1080
1414
2251
1292
2091
2655
1376
2072
1880
1850
2934
1614
880
2414
1606
1123
2792
1336
1822
2502
1528
1002
1748
1435
1395
2775
1659
1377
1638
1703
1227
1944
1730
1300
1545
1831
1188
2766
2508
1066
1481
2493
2102
1694
1636
1867
1750
2021
969
1752
1633
1839
2392
2069
1347
2996
2618
1495
2579
1332
2102
2246
1748
2279
2171
1691
1113
1860
1470
881
2068
2152
850
1928
1835
2145
1902
2525
1902
1929
1548
2242
1814
1862
1788
1465
1626
1676
1719
1627
1041
1404
1178
1046
1677
2099
1883
1919
1723
1929
1923
2126
2260
2234
1593
1509
1683
1477
1246
1901
1490
932
2178
1269
1079
1960
1255
1830
2277
2041
1279
1945
2117
1769
1688
1763
1253
1934
2344
1240
2150
2323
1286
1800
1645
1383
2188
1197
1795
1551
1677
1224
1451
2578
2011
1382
1698
1909
2223
1695
1127
1727
1562
920
1422
1742
1660
2118
1468
1348
2125
2643
1459
1601
2212
1326
2207
1479
1345
2703
1507
2052
2157
1773
1635
2492
1825
1503
2353
2404
2273
1933
1528
1479
1313
2551
1466
2002
1273
1784
2824
1980
1076
2774
2366
1650
1289
1946
1128
2074
1410
1302
1879
2244
1816
2409
1824
1646
2340
2108
1433
1391
1989
1434
1625
1432
1196
1576
1793
1298
2246
1486
2053
1766
1696
2489
2379
2020
1820
1783
2430
845
1926
1489
1230
1941
1503
1265
1605
2105
