1902
1334
2186
1775
1973
1978
1855
1320
2467
2116
1176
2142
1512
851
1990
2321
1234
2038
1740
2318
1842
1352
1685
2125
1823
1146
1569
2111
969
2232
1496
2216
1592
1578
2084
1767
1434
1250
1676
2271
1792
2713
2224
1232
2057
1939
1879
1326
1921
937
1788
1642
1786
2447
1562
1345
1483
1948
782
2025
3134
1578
2026
1541
1129
1602
1528
1551
2066
1554
848
1610
1440
1385
2423
2566
2004
1575
1552
800
2308
3280
1402
1962
1486
1351
1732
1491
899
2390
1636
1283
1987
2884
958
1343
2249
1059
1564
1810
1417
1973
1862
1643
2351
2430
1153
2146
1331
1534
2465
1696
1132
1827
2241
1020
1490
1593
1016
1821
3112
1458
2230
1447
1820
1830
2326
1311
2408
1597
892
1730
1357
2563
2343
1782
1895
2216
1362
1314
1451
1275
1315
2082
1468
1433
2421
1989
1586
2180
1647
1082
2447
2185
2425
2427
1425
1317
2430
2684
1265
2220
1772
1199
1575
1710
1005
1721
1661
1422
1394
1868
878
2573
2146
1594
1937
1821
1028
2334
1512
1315
2255
1703
1836
1887
2307
2190
2276
1856
1167
1509
1737
1559
2624
1336
681
2831
1258
2314
1565
1527
1441
2080
2248
1926
2413
2090
1268
1912
1421
1581
2269
1845
1795
2597
1815
1470
1802
1833
2124
2644
2008
2347
2729
1787
1462
2262
1235
1174
2666
2344
1297
2307
1485
1137
2050
1754
2331
1724
1724
860
1358
1783
1206
1276
1566
2149
2300
1852
2324
1419
1699
2221
2206
1638
1521
1760
2579
857
1644
2507
1496
2343
2115
1673
1802
2402
1405
1718
2255
1962
1926
1772
1292
2214
1692
2050
1374
2018
1513
1530
1815
2131
1589
1273
1265
2425
1745
1203
2692
1562
1876
2899
1328
1420
2414
1676
1473
1427
1363
1400
1557
2153
1330
1715
1531
1870
1437
1694
1016
2194
1618
1261
1288
2283
1519
2604
2003
1546
1417
2163
2569
1640
1759
1808
2897
2325
1531
1572
2202
1623
2365
1934
1541
1912
1273
1596
2909
2027
1031
2454
2427
1095
2316
1531
2117
1900
1403
1758
1402
2107
1252
2547
1750
1225
1714
1932
1967
1717
1442
1929
1241
1934
1192
1868
1592
700
3158
1959
1687
1582
2156
1296
1671
2390
1629
1421
2878
1336
1691
2018
1428
1597
1822
1191
1936
1363
1384
2398
2864
865
1676
2691
2216
2005
1926
869
1611
2352
1511
2308
2072
1062
1527
1976
1211
2696
2541
1520
1551
1638
1969
1664
2239
1911
2069
2248
1494
1485
2991
1145
1850
1810
1459
1544
1971
1844
3002
2303
1711
1778
1557
2331
2552
1418
1613
2119
1865
2013
2522
2242
1568
1673
2343
1174
1333
2071
1803
1636
2935
1022
1344
2156
1288
1195
1473
1559
1828
2057
1537
1346
1912
1946
2734
1508
1406
1725
1916
1192
1617
1943
1145
2282
1774
1946
1299
2611
1242
2737
1756
1639
1637
1660
1611
1592
1892
1315
2564
2231
1391
1837
2417
1151
1221
2160
1922
1462
2389
1399
1211
1161
1617
2303
1668
1890
1636
2637
1698
2314
2063
844
2001
1758
1668
2153
1480
1162
3065
3087
1682
2716
1602
994
1684
2183
1325
1413
2978
1281
2139
1428
1882
1505
2046
1465
1544
1478
2657
2263
1930
1538
1270
1911
1218
1770
1288
1511
2320
2321
1276
2051
1911
1238
2903
1861
1255
2388
2136
1336
3018
1778
1475
1871
2090
1235
1732
1968
1714
2003
1288
1972
1845
2331
1002
1534
1470
1412
1900
2349
1184
2345
2346
1452
1576
1986
1712
2447
1631
1069
1393
1644
972
2593
1948
1289
1970
2216
1553
3038
2440
2024
1854
1983
1393
1734
1407
1630
1817
1449
811
1903
1273
1446
2232
1624
1244
1508
2189
1588
2917
1540
1593
2132
1557
1329
1619
1748
1518
1824
1504
1292
3072
2248
1389
1947
2530
1724
1692
1926
2655
2067
1767
1664
2074
2115
1374
1460
1493
1144
1619
2863
2071
2247
2208
1612
2654
1489
1725
1512
2071
1990
1941
2576
1592
1593
2368
1060
1703
1770
1114
1561
2135
1549
2412
1581
783
2355
1475
1845
1467
1284
1498
1783
1762
2294
2355
2042
2461
1469
1699
1651
2091
1848
1592
1220
2050
1351
1578
2394
1997
1816
2927
1447
2184
2738
1279
2499
1733
1110
2578
2685
2468
1537
2497
2359
2995
1521
1231
1648
1262
1574
1863
2134
2080
1958
2057
1082
1867
2712
729
2288
1859
1500
1878
1614
1517
1626
2431
2005
1918
2056
1199
2611
1259
1400
2622
2048
1718
1707
1959
1952
1831
1378
1917
1401
1370
1733
1589
2822
934
2327
1820
2202
1574
1521
1258
1954
2029
1580
1867
2908
1050
1767
3013
2180
1834
2213
1798
1629
2044
1534
2279
2323
1257
1570
1851
2240
2038
1893
1169
2902
2100
1838
1704
1754
1375
2186
2824
1623
1187
1440
2279
2816
1279
993
1518
2107
2460
1204
1645
1319
1756
2318
1518
1488
1670
1940
2499
1387
1746
1892
2448
1194
2589
1854
1939
1599
1807
1127
1863
1910
1235
2152
2125
1930
1964
1591
1977
1985
1599
1271
2268
1709
1643
2206
1340
2826
2456
1845
1967
2393
2108
1616
1689
1430
1312
1720
2711
1169
1835
1969
1189
1321
1571
2055
2048
2419
1461
1844
2169
1382
1404
2234
1630
2506
2347
1017
1427
1887
2548
2132
1822
896
1929
2398
2390
1442
1445
855
1816
1865
2461
3077
1882
1577
1676
2150
2437
1981
1969
1350
1302
2111
1215
2528
1963
1106
1849
1795
1871
1651
1968
1970
2209
1738
1740
2841
1643
2314
1639
2393
1462
2119
2171
1309
1926
1316
1625
1731
1593
1504
1717
1656
2393
1356
1927
1310
1899
2109
1301
2505
2717
2317
2218
1441
994
1751
1632
1325
1553
1978
1097
1744
2034
1239
1985
2318
938
2399
2220
1192
1575
1729
1905
2173
1436
1219
2739
2202
2409
1454
1389
1001
1596
1571
1945
2133
2037
1952
1614
1782
1479
1345
2290
1210
1822
1565
1162
1530
1628
1312
1599
1859
2408
2397
1581
1868
1981
1970
1639
1837
2111
1116
2259
1884
1481
1816
1942
1290
2019
2767
809
2375
1923
1824
1789
1722
2194
1849
2149
1949
1566
2517
1405
2005
1772
1347
2649
2014
2519
2329
1996
1950
1996
2076
974
2372
1903
958
1706
1373
1587
1927
2148
1567
2561
1872
2515
1942
3018
1687
1954
1579
1402
1820
2326
1155
2869
1585
1556
1607
2070
1078
1691
1735
2152
1543
1507
1189
1902
1433
994
1470
1925
1554
1709
2441
1031
1622
1413
1083
1650
2319
2128
2133
2225
1375
2155
2239
836
1303
2176
1752
2333
1999
2318
2476
1982
1720
2511
1988
1108
1649
1727
1534
2634
2948
1151
2848
2874
1600
1470
1663
1396
1745
1538
2488
2147
1302
1218
1345
1611
1902
1476
1879
1601
1920
1995
1550
1992
1705
1292
1530
2263
1556
1610
1369
913
1546
1778
1097
1450
2803
1462
2403
1863
1783
1318
2082
1292
2008
2002
998
1641
2310
1869
1791
2229
1966
2109
2689
1354
1478
1568
1996
1467
2277
1304
2040
1676
1351
2141
1888
2501
2621
2510
2095
1860
1733
1045
1390
1716
741
2502
1986
1521
2146
2009
1263
1573
1837
1945
1890
2233
1229
1931
1908
1801
1391
1945
1457
2131
2801
1839
2107
2724
882
1627
2415
1960
2424
1833
1616
2056
1490
1467
2045
2385
1107
1253
2512
1912
2378
2060
1166
2756
1690
1861
1714
2051
2183
3116
1434
1157
1554
2220
1789
1711
1416
1662
1345
2279
1154
1632
1791
1667
2244
1328
1238
1661
1976
1240
1444
1933
1471
2767
1453
1683
1917
1870
1818
2208
2423
1215
1482
2140
1936
1432
2382
1862
1941
1577
1329
1684
2440
1874
2155
2194
1355
1733
2170
1429
1390
1778
2095
1901
1811
2081
1534
2521
984
1966
2432
1372
1448
1692
1476
1695
1742
1797
2148
2095
827
2479
1483
1033
1539
1808
969
1778
1450
1345
1711
2495
1697
1620
1898
1332
2657
1745
1871
1332
2138
985
2555
1348
1551
1801
1536
962
1972
1713
966
1526
1697
1705
1861
2117
1401
2294
1938
1581
2749
1195
1719
1633
2045
1818
1527
2144
1249
1546
1987
1193
2467
1609
1778
2795
2325
1126
2482
1994
1613
1369
2023
1211
1659
3034
2025
2238
2097
1858
2015
1825
1569
1577
1902
1366
1785
2080
971
1779
1990
911
1704
2102
1786
2291
2014
929
1659
1365
2456
1504
1857
1101
1758
1377
2198
2089
1605
1228
1464
1990
1186
1343
1470
1317
1561
1565
2404
2118
2146
1549
1923
2445
1135
1567
1767
1114
2574
2027
1446
2100
1631
2239
2542
2114
1873
1822
1536
784
2472
1596
2153
1571
1994
735
1589
3000
1737
1934
1994
2520
1763
1388
2431
1391
2256
1117
1420
2303
1713
1819
1582
1951
1610
1795
919
1961
1826
1810
1422
1681
2627
1376
1279
1313
1781
2399
1051
2688
1461
2191
2053
2286
1910
2025
1352
1783
1962
1402
1210
2448
2104
997
1771
1586
2036
2625
1475
1359
2189
1929
684
2234
1702
2169
1337
2518
1428
1381
1511
1240
2250
2094
1274
1394
1351
1098
1560
2212
1127
2227
1407
1331
1566
2688
2383
2382
1592
991
1916
2832
1623
1852
2786
1111
1552
1644
1220
2248
2876
1355
1997
2632
1054
1777
2198
1624
2051
1511
1472
2283
2001
1177
2557
3051
964
1500
1467
952
1806
1602
1258
1730
1929
1145
2791
2121
2080
1473
1618
1952
1468
1855
1423
2439
2544
874
1853
1909
1427
1678
1663
1171
1584
2433
1681
1681
1482
1002
2773
1923
1161
2605
1931
1828
1733
2326
1810
2143
2335
1079
1583
2644
1009
1921
2129
1360
2169
2036
2576
1947
3019
826
1712
1318
1447
1999
2916
1390
2096
2329
1760
2630
2316
994
1761
2920
1589
2282
2808
1341
2260
1562
2338
1386
2170
1671
2162
2721
1281
2184
1249
872
1398
1405
2171
2092
2630
1170
2542
2399
2121
2690
2267
1920
1639
2448
1575
1780
1902
868
1655
2137
1290
1377
1702
2519
1389
1982
2781
1945
1607
1279
1825
1228
2379
2439
1341
1278
1745
1747
1637
2910
2044
1024
1596
1526
1858
2115
2188
1964
2974
1574
1467
1641
1782
1594
1755
2557
2094
1641
1627
784
2305
1978
2458
1700
1569
1025
1688
1737
1829
2206
1659
1877
2864
2348
2559
1698
1875
920
2166
1327
2470
2456
1591
1768
1681
2794
1364
1604
2240
1206
2353
1991
993
1905
1823
1753
1678
2479
1961
1556
1580
2228
1773
2141
799
2747
2515
1399
1823
1625
739
2213
1959
1958
1717
1842
1613
1794
1751
1113
2135
2019
1768
1939
2112
1376
2059
2199
1523
2776
2856
1055
2279
1916
1133
1838
2527
1528
2264
2546
1743
1498
2083
2356
2416
1678
1795
2112
1687
1630
2382
2494
1046
2502
1443
1472
2550
1573
2132
1818
1670
1951
2225
2210
1565
1650
1332
2652
2364
2273
1990
2301
1700
1063
1559
2243
1504
1697
1440
1067
2509
2585
1381
1243
1248
1051
2005
1615
1535
2200
1694
1127
2404
1844
1424
1983
2494
1822
1858
1659
1254
2218
1529
2112
1521
3080
794
2225
2374
879
1526
2563
1266
1364
1210
1455
1533
1580
1615
2902
1640
1615
1504
2690
1095
2436
2317
1708
2171
1506
1250
1506
1665
2423
2624
2156
1540
1420
1488
1788
1659
2790
1434
1542
2559
1276
2409
2085
1158
1823
2039
998
2658
1580
1122
2597
1702
1482
1567
1586
1138
2687
1415
2303
1193
2117
2453
1998
1675
1651
2206
1555
2262
2553
1612
986
1939
2309
1560
2343
2249
1432
1839
2081
1093
2138
1875
1922
1778
1462
1034
1726
1893
1730
2975
1887
1198
1926
2044
1491
1378
2307
1280
2458
1742
1991
1807
1521
1542
2076
2203
1965
1175
2548
1099
1228
1343
1431
2293
2005
1588
2100
2192
1182
1482
1635
1478
1397
2086
1131
2508
1551
1547
2928
1630
1754
1439
1550
1583
1841
1952
1471
1385
1647
2128
1440
2328
2126
2416
1904
1087
1864
1962
758
2191
1294
2281
2244
1619
1685
1775
1539
1648
1322
1801
1475
1602
2056
1485
2111
2797
986
1681
1903
1848
1668
2558
1308
2195
1328
1109
1527
1510
1223
2483
2253
2034
1650
1872
1612
2281
2552
1392
1999
1453
1268
2504
1904
1418
1416
1387
1263
2297
1648
1360
1722
2206
1261
1784
1454
1094
2031
1516
1357
2425
1661
1124
2641
1285
2319
1832
1263
964
2116
2651
2236
1706
2453
828
2120
1751
1102
1595
2566
1011
1446
1594
2024
2058
1884
1195
1565
1716
1399
1551
2215
1671
1371
2232
1731
2022
1979
1064
1942
2290
813
2178
1898
1132
2044
1368
1569
2210
2430
881
1685
2150
1214
2413
2297
980
2394
2549
1654
1817
1733
1489
1917
2095
1981
1916
2470
2405
1910
1635
821
2233
2234
1026
2626
1532
1184
2020
2224
1336
1751
2539
2375
2256
2725
902
1863
1344
1570
1970
2193
1419
1773
2060
2681
2866
2316
1604
1240
2004
1761
1697
1888
1273
1801
2227
2240
1588
1916
1819
1957
1639
2058
1643
1969
1353
1872
2427
1371
2181
1864
1018
1617
2301
1656
1285
2205
1882
2290
1272
1132
2203
2124
1468
2129
2737
1850
1866
2619
1601
1740
1859
2554
1775
2431
1062
1810
1353
1317
2087
2261
1417
1425
2725
1732
1497
1428
2093
1201
2094
1893
1790
1896
1544
1653
1612
1135
1797
2364
969
1473
2538
1203
1762
2407
1614
2276
2237
1343
2073
1745
2028
1970
2529
819
2997
1722
1112
2226
1878
1133
2528
1751
2624
1863
1650
1969
2196
2195
1260
2408
1659
1683
2305
1451
720
1947
1428
1724
1491
1614
1629
2267
1319
1107
1481
1673
1213
3022
2473
926
1832
2721
1719
1526
2293
1857
1425
2344
1359
1703
1560
1311
1782
1623
1312
1716
1597
1054
2259
1864
1275
2337
1520
1144
1378
2624
2313
1661
2075
1199
1792
2415
1921
2872
2212
1373
1736
1918
1181
1346
1978
1482
2354
1687
942
2216
2543
2432
2329
2367
1737
2603
2620
2042
1857
1490
1330
1311
1676
1286
1827
1461
1642
1713
1688
1023
1733
2357
1261
1657
2009
1370
3200
1813
1183
1715
1793
1670
1373
2571
1308
1812
1602
1355
1235
2612
1729
2733
2338
981
3038
2165
1237
1189
1204
1118
1559
1541
1228
1567
1239
1559
2071
3006
2097
1381
2885
859
2590
2255
1786
2158
1585
1549
1935
1626
1409
1589
1664
1278
1400
2055
1215
1593
2818
1046
2482
1574
1083
1393
2279
1764
1317
1846
1935
2336
1881
2349
1338
2258
1721
2424
1555
1367
2302
1960
1792
1993
1850
1441
1891
1971
1670
2987
2513
1463
1781
1688
1237
1912
1524
1634
1581
2437
2156
1555
1992
1209
1852
1983
1001
1733
2271
1060
2634
1650
1344
1400
1476
1226
1560
1365
2159
1280
1848
1206
2091
1938
1067
1974
2048
2172
2120
1247
983
1486
2234
1929
2055
1477
1055
1658
1474
1339
1367
1934
1261
2034
1801
1674
1996
3110
2432
1799
2410
863
2122
1315
1820
1658
1675
1297
2562
1640
1514
2600
1242
2748
2442
1488
2165
1588
2374
1261
2153
1378
1577
2122
2492
1334
1714
1854
1921
2777
1590
2074
1847
1914
2345
1561
1552
1160
2509
1778
2229
2348
1665
1970
2614
1997
1697
1469
1974
1947
1389
1778
1931
1568
2095
1086
2886
1422
1139
1771
1573
1735
2020
1417
971
1288
1189
773
1583
1630
2364
2275
2025
2361
2591
1497
1478
1926
2330
1451
1354
1775
1543
1637
2427
1445
1823
1558
1359
1518
2090
1075
1946
1883
1219
1538
1640
1018
1771
2546
1371
1477
1413
1295
2168
2467
2330
2271
2241
1752
2040
1629
1282
2400
2091
813
2054
2302
2654
2158
1685
943
2129
1582
2147
2630
1691
1964
2269
1914
1547
2523
1668
1120
1766
2070
1676
1858
1663
2131
1953
1474
920
1877
1382
2256
1230
1575
833
1724
1602
1183
1905
1759
1607
1484
1734
1421
1238
1865
1261
1606
2759
1727
2703
1659
1651
1670
1878
768
1677
1650
1136
2539
1847
1837
1533
2276
1146
2445
1771
1540
2348
2210
1695
2085
2462
2375
1864
1447
2066
1580
1604
1987
1678
1406
1884
1985
1687
1433
1723
1658
1596
1644
1570
1678
2270
1571
1934
2570
1680
1653
2140
2102
1756
1261
1907
1788
1669
1808
1726
2720
1699
1250
1670
2201
1559
1277
1911
1356
2396
1784
1700
2283
2160
738
1380
2709
1196
1992
1639
1108
2256
1477
1814
1602
2240
1445
2091
1924
1079
2980
1303
2035
1828
1664
1600
2778
2225
1483
2112
3105
1188
1646
2363
1182
2570
1285
1443
1626
1889
1318
2719
2533
1825
1437
1898
1922
1965
1647
1213
1364
2082
2199
1442
2115
963
1398
2053
1438
1606
2265
1474
1995
1342
1477
1650
1356
1453
1696
1284
1220
1566
1899
1143
2149
2712
1609
1720
1850
1134
1722
1727
1960
2458
2104
1362
2761
1351
1242
2247
2036
2034
1862
1597
1106
2572
2110
1209
1634
1330
1394
1662
1609
1274
1619
2793
894
1485
2778
1209
2304
1797
1824
2368
1515
1109
1330
1855
1794
2548
2128
1160
2457
1677
1264
2101
1410
1555
1615
2239
1346
2564
2155
1613
2189
2885
820
2027
2845
2050
1616
1761
1500
2156
2226
1607
1957
1766
1809
2212
2418
1874
1784
1971
2069
1551
1675
1152
1487
1454
1995
2164
1561
2028
2349
1958
1899
2163
2422
1215
1819
1575
2043
2542
2010
1024
1415
1852
2373
2081
1717
1062
1778
1706
1512
2783
1947
2170
2304
1710
1064
1190
1674
1709
1865
1400
1114
2576
2285
1657
2004
1800
1882
2352
1610
822
2049
1749
1193
1405
1585
1175
1792
2326
1395
1815
1408
1663
1694
1703
1850
2241
1599
1462
1473
1585
1319
1694
2226
1670
2181
1259
1575
1977
1378
1909
2092
2649
2148
2029
2016
1534
1798
1771
1418
1899
1381
1358
2251
2006
1334
2628
2079
1438
2154
2046
1134
1844
1698
1295
2469
2192
747
1967
1280
1913
1840
1893
2503
1738
1644
1817
1912
2159
1243
1578
2739
2248
1634
1523
1281
1229
2921
777
2715
1827
1309
1375
1847
1495
2481
1971
1474
1844
1693
1290
2097
1359
1086
1388
2811
1699
1491
1783
1196
1885
1612
1390
1470
2794
1458
1536
1585
1612
1938
1949
1554
2081
2250
1232
2244
1550
1061
1655
2771
1214
1245
1735
2523
1648
2165
1617
2031
1448
1856
2284
2437
1977
3166
1730
2201
2146
2834
1818
2670
1341
1478
1645
2949
1730
1451
1917
1783
2060
1620
1685
1587
1292
913
1871
2104
993
2307
2198
1628
2320
1579
1847
2038
2296
1058
2056
2671
1693
1522
1644
1613
2312
2295
2045
1563
1718
1644
2261
2169
1777
1384
1776
804
1800
1820
1170
1513
1613
1268
2437
1615
1225
2010
1425
1219
2421
2192
1439
2358
2199
958
1788
1976
1527
2045
2490
890
1489
2358
2556
2100
1880
1484
2314
1896
1220
1886
1860
1160
1631
1833
1846
2030
2193
1056
1598
2131
1009
1451
2214
1932
2531
1899
1546
1855
1913
1695
1841
1497
1518
2042
1586
1445
2703
1294
1289
1856
1288
1753
1337
2286
1330
2320
2685
1949
2308
1292
1929
2080
1578
2130
1475
2478
2267
1878
1440
1358
1269
1718
1468
1953
1608
1113
1678
1575
1246
1898
2054
1648
1686
1434
2124
1705
2562
1500
1254
1442
1588
1972
1689
1187
2080
1494
1969
2803
2258
1788
2541
2210
2131
1801
2066
1288
1763
1816
1475
2364
2231
1520
1922
2370
1578
2200
1745
1460
1416
1537
2286
1602
1781
2477
2064
1880
1132
1758
1579
1181
1732
1998
1217
3001
1648
1843
2477
2321
973
2226
2201
1458
2464
1799
1267
1468
1866
1418
2745
1984
2450
2338
1383
1631
1371
2460
1239
2540
1773
2076
2893
1870
1634
1387
2059
1604
1397
2161
1677
1434
2246
1226
2671
2058
849
1688
1509
788
1755
1453
1400
2692
2200
2078
2289
2332
1586
2540
2279
2125
2800
1670
1671
2075
1679
1665
2120
2096
2466
1871
1612
2056
1518
2495
1176
1545
1931
896
1665
2561
1781
1425
1678
1887
2791
2261
1625
2741
1886
1214
2638
2590
1080
1411
1728
1749
2179
1794
1619
2317
1589
815
1830
1384
1053
1311
1785
1285
2171
1794
2081
1812
1932
2357
2233
2222
1053
2446
1216
1849
3040
2213
1372
1861
2923
985
1852
2317
2334
1635
1538
1752
1867
2017
1084
2823
1292
1315
2167
2794
1135
2414
1561
1678
1869
2365
1944
1948
2304
1318
1812
2063
1727
2564
1577
1298
1530
2409
2680
2229
1795
1779
1764
1695
2117
1609
2134
2395
1425
2122
2099
3095
2633
1529
1593
2660
1109
1497
1552
1197
1682
1719
1689
1756
2060
1369
1714
1443
1027
1676
2075
1120
1717
1866
1233
1946
1832
1121
1703
2775
1599
2914
1392
1330
1457
1439
1573
2370
1300
1786
1757
1711
1767
2348
1614
1183
1767
1478
1277
1357
2085
1675
2967
1629
864
1512
1628
946
1942
1677
2238
1689
1763
1782
2433
2347
1536
2244
2048
1035
1753
2653
1229
1606
1340
1906
1950
1746
2233
2672
2049
1625
2016
1475
883
1909
2210
1317
2293
1949
1795
1500
1893
1579
1230
1957
1066
1360
1573
1621
1788
1635
2090
2761
1606
1583
2144
1428
2037
2324
2419
1976
1805
1467
1592
2462
1545
1792
2111
2544
1516
2086
1891
1439
2327
1770
1229
1473
1950
777
2361
2243
1161
1333
2655
1716
1971
1587
2163
1498
1757
1327
1560
2498
2023
1817
2097
1441
1732
2313
1022
1628
2513
1312
2122
1588
1326
2264
1322
2142
1724
1988
844
1985
2573
1698
2273
1676
1841
1683
1551
2209
1568
1354
1128
1524
2767
1521
1408
1939
1045
2109
2305
1005
1786
1861
1737
2452
1660
1612
1572
2641
2525
1775
2535
1459
2618
2141
1968
2286
1555
1052
1968
1259
1868
2277
1784
2584
1834
2230
1070
1552
1739
2153
1729
1351
805
1520
2221
2243
1895
2022
1622
1709
1470
1383
1487
3155
1117
1687
2386
1843
2290
1835
2127
1702
1563
1034
2007
2200
1938
2238
2821
1530
2205
1787
1863
2059
1699
1864
1444
1453
1541
3067
1892
781
2020
1990
1734
1861
1828
1711
3138
1420
1166
1925
1712
1647
2247
1303
945
1697
1274
1947
1857
1791
1153
2328
1627
2106
1549
2424
2015
2258
2608
1283
1332
3211
1430
1920
1656
994
1570
1822
1741
2297
1577
1019
2181
1798
1161
1613
1696
1213
2290
2489
1894
1178
2190
2485
1464
1749
1447
2003
1586
1116
1416
2666
1590
2756
2145
2608
1995
1541
911
1525
1815
1546
1421
1911
1305
1751
1392
1539
1585
2119
1447
1611
2075
1722
2102
1998
905
1595
1493
1303
1508
1492
831
2079
1645
963
1560
1380
1236
1700
1488
1286
1662
2760
1286
2082
1471
1978
1560
1344
1609
1646
1680
1322
1576
2088
998
2073
2143
1076
1780
1957
1233
2224
1497
1156
1299
1951
2660
1864
1868
1498
2149
1642
1951
1692
1553
1336
1342
2048
1049
1823
1554
809
2514
1212
1441
1713
2341
955
1933
1387
1195
1785
2776
2365
2017
1974
1347
2252
3013
1156
1461
1282
1887
1208
1588
1176
1412
2908
1985
1588
2508
1949
2469
1276
1182
1657
2227
1429
2729
1248
1297
1833
1497
1236
1888
2932
822
1646
2490
928
1294
2695
1815
1532
1970
1844
2556
2800
2541
2422
1955
1643
1510
1519
1830
1412
1317
1042
2076
1420
1356
1870
1625
930
2766
2274
1683
1586
1741
1601
1735
2551
1095
1720
2167
1589
1268
1481
1688
1575
1606
1021
2223
1852
1744
1656
1882
1866
1351
1550
1645
1431
2339
1447
2725
1479
1271
1940
1827
1457
1899
2191
1737
1480
1450
1991
1441
1394
1693
1473
2514
1323
1293
1981
1630
1751
2120
1151
1765
1843
2178
2597
1643
1556
1763
2473
1762
1286
1937
1989
1748
2665
1119
1859
2230
1678
1352
1498
1173
1494
1419
1731
2365
1259
2210
1336
1653
1292
2102
2397
1524
1962
2020
2284
1451
2352
1386
2511
2757
2098
1864
1628
1264
1414
2332
2358
1416
1705
1643
2439
1943
1396
2828
1435
971
2660
1563
2066
1464
2269
1401
2267
1640
1421
1620
2088
1324
1350
1637
1096
1783
1890
1559
2280
1967
987
1734
1497
2284
1696
2511
1063
1604
1512
1134
2700
2171
1823
1417
1951
1175
1611
2515
1695
1797
2145
1065
1469
1714
1636
2621
1787
1717
1991
1505
2427
1585
2265
1162
1675
1866
1348
2781
2157
1117
1298
2186
1496
1334
2092
1239
1735
2185
768
1488
1512
1282
1783
1428
1218
2062
1908
2232
2188
1308
2163
1790
1843
1688
2724
2205
1757
1820
1915
1387
1522
1372
1875
2082
2080
1485
2739
2191
1566
2881
2666
1882
1441
2751
1547
1798
1924
1058
1517
1658
1094
1998
2750
1346
1731
1966
1439
1406
1803
2269
1882
3061
1891
1543
1725
1568
1951
1576
1423
1951
2388
2141
1996
2210
1189
1623
1371
1551
1797
1810
960
1890
1575
1186
1303
1696
1592
1588
1519
1006
1560
1925
1149
1667
2044
1436
1388
2008
1767
1896
1613
1720
1369
1611
1513
1699
1390
1150
1926
1362
1863
1833
1436
1354
1516
1846
2019
2891
1928
909
1649
2863
1089
1548
2014
1102
1820
2228
2441
1842
1974
1405
2153
1731
814
1738
1813
1998
2233
2439
1336
2577
2501
1202
1584
2117
1517
1460
2425
2630
2625
1801
1002
1670
1311
2463
1730
1513
1523
2107
1647
1541
1337
2243
1783
2474
1555
916
1834
1762
992
2533
1514
969
1992
1629
1680
1704
2186
1704
2062
1568
1491
1895
2000
1283
1720
1739
987
2339
2242
1715
1534
1573
1587
1465
2474
1145
1928
1539
1507
2112
1597
1641
2801
1481
1574
1624
1866
1343
1546
1769
1352
1606
2318
2393
2145
2016
940
1639
2014
1351
1736
2175
2039
1986
2513
1747
1937
1797
1673
1825
1478
1256
1561
3012
863
2815
2480
2239
1750
2334
1872
2799
1595
1342
1625
1606
1581
2410
2458
1442
1915
1355
1191
1903
1650
1482
1707
2660
989
2268
1728
1025
3058
1654
1433
1379
1833
1762
1433
1562
1609
1873
2240
2003
1933
2576
1524
2583
2791
1346
2123
2569
1794
1442
1942
918
2697
1483
1310
2819
1679
1154
1470
2726
1587
1450
2289
2109
1522
2638
2002
1508
2076
1432
1865
2530
1071
1652
1538
1798
2325
1510
1473
1799
1989
1387
1958
2145
1676
1707
1473
1645
2294
2700
1512
1300
2404
1700
1917
1243
1982
1376
1340
1071
1349
2438
2009
1474
2386
870
1770
1587
1527
2453
1214
1060
1720
1443
1030
1472
2701
1043
2511
2674
2197
1507
2530
1213
2823
3100
1738
2562
1981
1290
1510
1725
2043
1624
2264
1352
2353
1923
1386
1457
1714
853
1834
2103
1885
1760
1261
1266
1783
1886
1637
1810
2060
1018
2567
2349
2349
1291
1756
1308
1813
2011
1163
1484
2310
843
1979
2990
2006
2640
1391
1430
1589
1913
980
1989
2627
1390
1866
1687
1543
2152
2042
2249
1937
1823
1593
2525
2570
991
1958
2119
1469
2554
1326
1523
1408
2786
1557
1919
2319
1673
1517
2499
1071
1500
1400
1426
1473
2201
1419
1445
1568
1818
1971
1722
1615
1488
1526
1773
1906
1758
988
2330
2538
1233
1664
1569
1122
2317
1462
1658
2803
1622
2082
2183
1736
2462
1992
1843
2314
1635
1894
1869
1624
1487
1449
3175
1704
848
2093
2557
1465
1702
1638
1453
2568
2105
1122
1464
1656
978
1348
1688
967
2298
1914
1518
2091
2476
1804
1804
1442
1235
1738
2149
1547
2771
1558
1804
2050
2498
2200
1327
1905
916
2352
1428
1030
1369
2246
1843
1859
2268
2044
2095
2780
823
1834
1409
1084
1556
1810
1263
2694
2609
1460
1330
2264
1231
1650
1959
1345
2045
1673
1703
1734
2262
1211
1464
2563
1325
1323
1935
1338
2316
2221
1709
1305
1453
904
2451
1988
1855
1319
1692
1531
1468
1791
2057
1463
2811
1141
2521
1778
2382
1658
1731
1327
2108
1752
1031
1420
3272
986
2010
1711
1174
2414
1478
1009
1582
2156
1834
2705
1754
888
2101
1718
1105
2467
2236
1644
1322
2172
1215
2756
2512
1229
2885
2476
1378
2078
1603
1306
2505
2408
2118
1786
2315
1804
1678
2185
2318
1756
2024
1963
2019
2123
1777
2367
1721
2092
1927
1928
1819
1587
3026
1308
1616
1816
1181
2289
1764
919
1860
1645
1582
2550
1846
2147
1939
1783
2318
1440
2300
1668
2297
2180
981
1587
2431
1325
1712
2662
1688
1260
1645
941
1660
1991
1158
1856
1443
1050
2327
1502
1226
1531
2732
1364
1733
1609
1630
1338
1638
1321
1582
1642
1000
2604
1415
1849
1784
2474
1237
1856
1636
1182
2087
1630
1695
1210
2152
1641
1686
1890
1303
2151
2446
1597
3096
1608
1539
1940
2494
1063
2026
2064
1894
1937
1506
1430
2142
2533
1660
2232
2144
1242
2319
1502
1896
1541
2453
993
2645
2125
2165
1321
2139
2146
1457
2150
1998
1444
1912
1925
1584
1867
1623
1846
1302
1768
1899
1547
762
2537
1779
1117
2555
2453
1165
1636
2557
895
2328
1743
1014
2035
1783
1939
1963
2452
1484
1752
1400
843
2690
1875
1729
1193
2496
1816
2017
1298
1541
2005
1417
792
1964
2040
873
1259
1815
1114
2929
2053
2187
1661
1707
1341
2346
2120
2253
1661
2043
1802
1540
2615
1164
1760
2250
1228
1977
1441
1864
2185
2370
1517
1791
1376
951
1648
2753
2040
1830
1671
1293
1741
1528
1843
2500
2053
779
2476
1776
2135
1555
1878
2037
1424
1621
1567
1716
1495
1124
1953
1595
1218
2271
1633
1572
2426
2505
1557
2132
1626
972
1718
1824
1886
1929
1384
816
2838
2300
1882
1974
1468
1111
2071
2155
1734
1790
2653
1095
2796
1790
1091
2058
1736
1241
1872
1304
1292
1389
1532
1304
1929
1955
1026
1738
2176
1238
1693
1898
1406
1547
2028
2127
1399
2738
1929
1883
1783
1375
2071
2556
1284
2260
1521
2142
1921
2002
1021
2530
1850
2066
1643
1775
1252
1195
1817
2364
1328
1669
1251
2395
2500
1275
1899
2341
1145
1447
2193
875
2164
1879
1236
1677
2796
1038
1933
1809
1288
1505
2438
1089
2168
1253
1718
1776
1570
1794
1226
1749
1206
1593
2121
905
2210
2872
1689
1892
1917
1840
1584
2075
1959
1768
1584
1324
1872
2976
1822
2269
2213
2034
3083
2228
1461
2430
1579
1290
1742
1898
1059
1834
2626
2601
2556
1845
1499
1854
1893
1561
1842
1948
1835
2324
1274
836
1374
1431
2173
2579
1874
2560
1900
2985
1199
2543
1977
879
1782
2193
1357
1514
2608
1541
1820
2297
1183
2360
1661
1429
2852
2217
953
1388
1451
1821
1485
2150
784
2002
2213
1788
2124
2293
1842
1713
1251
2129
1542
1701
1523
2045
1601
1386
1964
1500
1035
2186
2046
1038
2619
2307
799
1786
1671
1030
1487
1351
1563
1973
2389
1497
2148
1682
1397
1329
1605
1600
2248
1359
1128
2956
1762
1773
2320
1790
1172
2800
2038
1533
1403
2165
1421
2099
1416
1507
1819
1903
1517
2568
1225
1716
2062
2177
1121
1637
1587
1760
1780
1567
2583
1289
1570
1392
1785
1541
1140
1644
2367
1701
1647
1637
1275
2760
1449
1020
1694
2473
1463
2184
2408
1223
2538
1746
2085
1533
2401
1960
2635
2540
2048
1908
2336
1786
1562
2505
2425
2136
2068
993
2268
1882
2175
1300
1917
989
2075
1833
1874
2154
1493
1414
1519
1965
1413
2441
1786
1913
2285
1794
1391
1465
2678
1908
1778
1915
1616
1741
2346
989
1931
1786
918
2016
1516
1585
2212
1859
1223
1897
1948
2378
2433
1930
808
1529
1861
964
2006
2405
1009
2063
2766
816
1509
1546
1564
1637
1327
1587
2080
2385
1037
2014
1460
1209
2293
1936
1533
2415
2257
1878
1821
1985
994
2045
1681
1280
2305
1777
1319
1575
2023
1168
1744
1646
1531
2350
1796
1980
2134
2698
1273
2031
2192
1113
1504
1558
1208
2089
1569
1976
1581
1519
2308
1694
2819
1959
1291
2760
1512
2566
1239
989
1627
1787
1347
1851
1644
2436
2263
1783
1361
1524
2585
1869
1405
1920
997
1809
1971
1427
2448
1988
1538
1986
1312
1318
2147
2172
1414
1453
2790
1868
1733
1998
1926
2103
2859
1635
2003
2233
1190
1926
1547
1548
1770
1927
2371
1993
1615
1021
1807
2310
2008
2221
2361
947
2789
1732
1495
1414
2805
1266
1972
2132
1250
2248
1407
2008
1475
1775
1397
1746
2324
2454
1269
1294
2361
1822
1599
1221
1708
1320
2347
1869
1421
1617
2181
1554
1790
2379
2906
918
2215
2917
2387
1559
1577
1871
1735
1537
1742
2244
1220
1544
1541
1304
1147
1469
1378
1139
2100
1946
2253
1854
1498
1431
2509
2517
1288
2567
1812
1689
1609
2142
1047
1849
1407
1872
1330
2288
1521
2049
2013
1533
1581
1916
1158
1725
1918
930
1461
2126
2062
1228
1378
1502
2702
2572
1503
1845
1353
2246
1338
1521
1428
2497
1626
1444
1409
1884
1942
1998
2279
1355
2009
1355
823
1775
1725
1359
1282
1743
2402
2384
2052
1464
1911
1964
1477
1724
1679
1670
2390
2372
2316
1878
2783
1083
1528
1545
1744
1560
1559
1128
1308
1242
1541
2015
1453
2403
1927
2254
1653
2729
1563
925
1625
1917
1431
1577
1392
1584
2641
1819
1444
1891
1553
2069
1549
3103
888
2023
2667
1692
1552
1364
2218
1369
1873
1207
1851
1439
897
1635
1280
2670
1978
2992
1807
1446
2059
1870
1255
1541
857
2046
1980
1961
2354
1511
2391
2131
1388
1018
1574
2491
1333
1977
1708
1440
1525
1744
1683
2381
1615
1228
1370
1626
1819
1927
2817
2169
1789
2042
1255
2006
1403
1902
1473
1609
2477
1381
2178
1877
1187
1381
1484
1789
1958
1191
1853
1578
1722
1328
2605
1151
1460
1518
1039
1320
1858
2365
1595
1845
2147
1794
1852
1578
1513
1437
861
1650
2550
1592
1801
1797
1035
1877
2093
2296
1773
1617
1436
1659
2023
1097
1248
1590
1731
1452
1354
1279
2449
2206
1346
1545
1277
1466
1461
2022
1511
1978
1417
1660
1389
2798
1427
1424
2005
2711
1286
1425
1681
2310
2001
1220
1447
1707
825
2117
2017
1881
1944
2110
1241
2468
2100
889
2540
1376
1238
1577
2211
1960
2459
1626
1412
2468
2477
1129
1865
1967
1468
1349
1400
1868
1585
1912
1225
1975
2114
1094
2983
1726
1819
1881
2484
1435
1411
1355
1772
1838
1376
2210
1407
1337
842
2760
1759
1209
2644
2012
1913
1747
1740
1813
1560
1912
2062
1438
2065
1154
1708
1510
1082
2258
1298
1140
1858
1401
1557
1759
2403
1915
1202
2207
1957
2451
2093
1968
2836
2305
1687
1536
1965
1639
1411
1756
1792
1513
2599
1607
1969
2067
1182
2025
1675
1019
2131
1825
1851
1435
1490
1896
2223
2010
1492
2329
1384
1154
2523
2618
1927
2261
1798
1820
1639
1741
1252
1836
2340
1088
1313
2422
1180
1581
1471
2174
1620
1477
1242
2757
2260
990
1299
2246
1608
1515
2806
1441
1949
1221
745
2196
1686
2223
2023
1670
1806
2317
1729
2118
1754
1665
1780
2644
2600
1179
1850
2646
985
1767
1592
1800
2100
2379
1260
1258
1590
1983
2092
2105
2084
1659
2817
1401
2000
2136
1735
2716
1511
1764
1684
2457
1396
1352
1486
1073
1936
2194
938
1530
2043
1192
2039
1818
1864
1961
1950
948
1625
2127
1088
1605
1592
1150
1650
1868
1036
1408
2435
1953
1286
1422
1876
2258
1845
1318
1590
1865
2122
1294
2001
1466
2009
1567
1924
1904
2829
1164
1841
1179
1398
1784
1587
1461
1499
1818
947
1884
1298
754
2019
1573
1661
1961
1854
1889
1344
1605
1025
1391
2008
986
2007
2282
1475
1466
2117
874
1743
1241
1832
1789
1342
1590
2002
1384
1807
2168
1862
1448
1764
1825
2135
2029
1907
1833
2457
2206
2057
2023
2012
1321
1857
1492
1525
1630
1774
831
1709
2307
1284
1883
1894
1650
1507
2156
2144
2407
2429
1402
1988
1728
1852
1691
1795
1143
1506
1494
1205
1553
2671
1272
2178
1944
2113
2283
3156
1641
1494
2451
1186
1690
2218
1263
2189
1807
1721
3047
1653
1514
2242
2537
1158
1341
2111
1399
2705
1691
1123
2237
1705
1391
2020
1402
1375
1787
1733
779
1641
2237
1121
1189
2655
1435
1788
1470
996
1768
1979
1884
1787
2989
2547
2023
2844
1451
1558
1295
1245
1773
2084
1036
2423
1610
1224
2558
1716
2497
2598
1424
2128
1385
1853
2212
1695
2765
932
1687
2611
1826
2930
2122
1037
1409
2274
1660
1369
2984
1233
1839
2463
1343
2909
1808
1228
2778
1559
1532
1411
2057
886
2492
1656
785
1565
2694
1501
1771
1667
1612
2306
1568
1239
1869
1732
981
1950
2093
1290
2231
1457
2100
2474
2334
1182
1823
1949
1067
2448
1273
2278
1717
2640
1611
1466
1373
1626
1780
1657
1087
2201
2887
1408
2611
1540
1413
2423
2301
1567
1766
2325
1158
2079
1878
1841
1536
1581
2062
2150
2092
1666
2064
3034
1091
2318
2016
1517
2539
2037
1732
1476
2203
1328
1644
1554
2279
1982
2210
1356
1826
1638
1613
1464
1983
1178
2105
1508
1249
2010
1584
1425
2176
2151
2230
2079
1733
1288
2141
2650
1613
2046
1879
1331
2932
2026
1003
1780
2408
1986
1636
2016
2132
1992
1896
1068
2023
1868
1437
1665
2294
2421
1872
2110
1357
1934
1804
2092
2050
1712
1375
1814
1678
1086
1351
2574
1028
1485
1515
1202
1532
2135
2150
2083
2286
2047
1958
1930
1750
1687
2178
1239
2123
1900
1585
1349
1614
851
1384
1959
1215
2435
1287
1829
1766
2335
1383
1242
1989
1682
2078
2234
991
2720
1901
2242
1878
2196
1716
2190
1526
1750
1744
1482
877
1338
2016
1435
1933
1962
1631
1479
2444
1514
1397
1274
1803
1764
1631
1471
1767
1299
1341
1502
1678
2496
2611
3001
1474
2006
1527
953
1998
1239
1685
1707
1331
984
2481
1725
1818
2947
2406
1528
2382
1855
1223
1560
2271
2644
2778
1364
1734
1947
2245
947
1342
1483
918
2518
1863
1243
1871
1601
1854
1514
2021
1744
2843
2628
1846
1479
1405
1755
2551
1503
1125
1436
1565
1618
1900
1589
1027
1631
1756
1109
1927
2891
1731
1600
1540
1306
1425
2011
1485
2447
2163
1528
1909
1952
2323
1212
1374
2734
2340
1824
1546
1367
3116
1814
2667
2645
2676
1700
1588
1187
2024
1436
2012
2419
1461
1043
2853
1367
2042
1322
1615
1778
1371
2027
1344
1456
2006
1461
2363
2022
1111
1727
1522
1866
2712
1299
1555
1823
2334
919
2745
1664
848
2040
1736
1801
2556
2021
1900
2179
1884
2592
2049
1651
2279
1438
1852
1097
2651
1523
933
2178
1435
1355
1421
1570
1691
1753
1632
1258
1725
1906
1541
1752
1765
2038
2369
1843
884
1733
2475
1440
1251
1435
1503
1630
1656
1000
2127
2766
1722
1487
1632
2493
3030
1444
2433
1785
2217
1841
1930
2782
1974
1900
1793
1321
2714
1640
1208
2588
2066
1268
1207
1673
2000
2458
1285
1155
2281
1480
1743
1413
1606
1189
1949
1882
1763
1702
1608
1413
1863
1962
1707
1364
2308
1296
2501
1890
1787
1329
2215
1645
2326
2750
911
2497
2327
1745
1657
2156
1443
1968
2163
1963
1844
1216
925
2675
1518
862
1594
1441
1592
1254
1808
2094
2550
2542
1957
1940
2059
2535
2149
1580
2300
2617
3192
1281
1639
1449
1166
1905
2267
1097
2913
2287
1440
2403
1673
2080
1716
1648
2551
1578
1618
1241
2136
2704
1175
1879
2072
1777
2938
2004
1316
1390
1975
1859
1902
2335
2616
1659
2260
1555
1573
1578
1354
1627
2614
1049
1974
1831
1269
1633
2265
1355
1439
1380
1592
3010
2250
1420
1538
2560
1789
2089
2354
1432
1305
1568
1656
2722
1181
2415
1534
1383
1063
1839
1451
2791
1618
1496
825
1612
1787
1217
1905
1908
2186
1898
2219
1671
1819
2168
1065
1707
1757
1309
1350
2813
1071
1984
2113
1594
1550
1908
1447
1556
1315
767
1790
1949
1047
1900
1743
1108
2700
1711
1276
2110
1318
1068
1592
1547
1583
2100
2607
958
2582
1351
1101
1990
1594
1615
2419
1904
996
2533
2285
2005
2000
2066
1435
1550
2068
1441
1882
2446
1592
1506
1449
1176
1732
1284
856
2347
1877
1005
1733
1585
1430
1514
2599
1500
2753
1818
1294
2328
1326
1813
2244
2305
919
1549
2061
1580
1535
1726
1826
2234
1567
1607
1327
1434
2117
1833
1838
1236
2499
2462
1255
2601
2283
1410
2419
1678
2244
2062
1770
1793
2328
1758
1763
2242
1340
1218
2387
1539
1314
2039
2059
1785
1811
1709
1356
1970
1870
1591
2667
1723
1761
2545
2277
1434
1843
2664
1070
1921
1397
2693
1865
2053
950
2556
1471
1152
2749
1976
1441
2467
1499
1649
1602
2663
1033
1732
1482
1246
1766
2319
1225
1870
1989
1325
1909
1800
1774
2878
1420
2172
1475
1306
2025
2133
1360
975
1388
2119
2173
2940
1637
846
1239
2842
971
1861
2483
942
1821
1654
1720
1293
2053
1648
1710
2526
1213
1307
1688
1646
2265
2105
1856
2443
3103
1167
1691
1703
1074
1453
2629
1447
2369
2327
1235
1514
1527
782
2598
2151
1308
1572
1630
1049
2452
2048
1575
2068
1687
1411
1458
2577
1674
2424
2351
1281
1869
1892
1464
2248
1598
2448
2366
1582
2422
1384
2449
1815
1824
1854
1307
1535
1775
1608
2027
1512
1294
1979
1458
921
2413
1957
2191
1727
2433
739
2439
1559
1229
1341
1579
924
1511
2293
2147
2114
1971
1600
1977
2085
1214
2779
2568
999
1882
1999
834
1285
1346
1650
1642
1620
1004
1581
1494
1127
1470
2876
937
1728
1995
2003
1425
2542
1297
2475
1942
1037
1734
2331
1898
2653
1255
1612
2341
1894
1148
1965
1786
2148
2025
1636
1143
1809
1267
1561
2501
1266
944
1849
2210
1351
1585
2539
1287
2842
1534
1922
1933
2534
1760
2146
1559
1730
1878
2131
1362
1877
1367
1452
2927
1866
960
1382
1975
1588
2143
2621
1591
2088
1940
2083
1525
1596
1708
2175
1279
1370
2031
2262
1872
1546
1730
894
1375
1681
2441
2045
1631
1940
1414
1546
2513
2747
1573
1167
1972
1870
1431
1672
2264
1301
1631
1412
1475
1673
2040
1023
1834
2139
2056
3056
2563
2017
1794
2370
1449
2005
1990
812
2227
1596
1477
1845
2324
1747
2173
1548
1220
3027
2367
2069
2079
1676
1039
2359
1981
1596
1289
1253
1378
1995
2349
1626
1827
1597
1218
2679
1822
1640
2118
1503
1028
2325
1379
2550
2468
1974
1463
1470
2146
1444
2715
2036
1080
1964
1771
1870
1538
1448
1994
2268
1561
1499
2348
2139
2449
1184
1946
2368
1452
2825
1365
2623
1796
1297
1884
1650
2104
1527
2083
1150
2133
2059
2031
2556
1625
1324
2208
1648
1633
1490
2347
1542
1379
1962
924
1984
1753
2307
2491
1518
1944
2895
2851
1009
1546
1909
1826
2063
1835
1394
1924
2459
1432
1572
2109
1833
2132
1595
1899
2207
2172
1931
1775
1781
1470
2092
2528
1600
2720
2270
924
2303
2068
2080
1600
2306
1042
1955
2143
1116
2339
2996
1777
1749
1433
1360
1727
1979
2539
1911
1982
1144
2444
2631
2463
1799
1667
1230
2151
1543
1059
2433
1685
1810
1589
1714
1859
1381
3189
968
1958
1619
943
1758
1984
1798
1389
1956
1143
2355
2040
1407
3054
2087
867
1947
1357
2162
2652
3086
2471
1786
1557
1797
2501
1996
1769
1549
2401
1097
1778
1725
1128
2483
1435
889
2479
1684
915
1709
2511
1780
1863
1373
2012
2099
2091
1451
1368
2086
1730
1845
1599
1736
1634
1712
1851
2781
1442
1336
1705
1875
900
2638
2355
1788
1729
3100
938
1182
2048
1357
1638
1304
1559
1682
1999
1756
1591
1466
1114
2513
1448
1085
1455
1792
1049
2599
1922
2175
1679
1873
1325
1605
1663
837
2028
1250
766
2800
1756
1225
2088
1655
2413
1590
1780
1897
1480
2532
1091
2537
1405
1042
2060
1255
1941
1818
1474
1396
1975
1398
1845
1424
1891
1776
1879
1830
1417
2107
1427
1554
1697
1731
1928
1717
2196
2697
1763
1551
1566
1313
2610
1041
1510
1685
1472
3074
1459
1268
1952
1638
922
1572
1589
2026
1822
1655
952
2337
3172
1294
1857
1910
1207
2495
1852
1520
1753
2389
1314
1688
1974
1158
1437
1965
1538
2728
2915
2501
1936
1871
875
2699
1877
1602
2193
1415
1748
2035
2096
1066
1813
1459
1255
1751
1439
1017
2274
2187
1084
1595
1598
1898
2462
2257
2496
1766
2182
1190
2075
1591
2620
1406
1777
1981
1848
1652
834
2228
2342
1108
2223
1910
1457
2106
1814
1089
1230
2345
1450
2309
1389
1625
2039
1613
1397
1384
2085
1554
1654
1454
1895
2292
1764
2275
1870
1691
1270
1916
1397
1291
2662
2424
1434
2143
2339
2336
2743
1665
1722
1709
1498
1690
1753
2338
1082
2145
2591
1998
1903
1950
2097
2465
2623
1136
1734
1987
1590
1292
2334
927
1596
2879
1889
2545
2066
1446
2200
2929
1487
2236
1674
1467
1871
1701
2133
2103
2129
1054
2163
1652
1062
2024
1841
2147
2028
1643
1125
1890
1863
1340
2641
1759
879
1879
1519
791
2518
2107
1133
1400
1715
1320
1458
1606
1471
2171
1508
1242
1701
2117
1834
1758
2138
907
2611
2045
1731
2230
2422
2373
1766
1920
1070
1884
1828
1717
1684
1195
1989
1788
2122
762
2377
1754
1707
1792
1865
1550
2067
1635
2346
2116
2120
1798
1299
2052
1310
1777
2291
1445
1797
1697
2017
2219
1537
1835
2187
1542
873
2085
2098
1516
1458
2407
1368
1429
1679
1470
1255
2008
1955
1690
1413
1418
1553
2269
1046
1370
1903
1307
2169
2301
1646
1408
2160
1330
1293
1915
2331
2183
1969
1142
1837
1872
2449
1885
1258
2249
2210
1777
2332
1622
1552
1684
2663
1700
1298
2914
1487
2300
1440
1780
1651
2428
1833
1123
2463
1401
1353
1505
1704
1542
1591
1920
1726
1718
1867
2424
1345
1664
1263
2182
2532
1743
2108
2109
1118
1480
2799
1597
2110
2216
879
2685
2623
1294
1409
1577
2164
1709
1648
1245
1661
1981
1382
1587
2189
1936
1593
1804
1339
1948
2564
760
1638
1266
2030
1437
2441
1691
1624
2350
1520
1966
2245
1353
1611
2278
1740
1971
1586
1301
2059
2343
1180
1489
1699
1633
1985
2048
2009
2301
1824
1345
1641
1610
931
1976
2039
1463
2377
1656
2665
1847
1911
1240
1437
2109
1886
2202
2032
1348
1791
2485
2133
1792
1806
1609
2084
1759
1055
2196
2321
1254
1940
1800
1454
2283
1869
1921
1649
1880
1247
1428
1465
1278
1522
1911
1710
2789
1973
1550
1472
1833
760
2086
2194
1405
1512
1172
1835
1744
1460
1882
2424
2120
1399
1734
1568
1890
1848
1611
1489
1344
2727
1419
1490
2397
1093
1583
1329
2512
1478
2244
2030
1807
1723
1407
2411
1748
884
2821
1726
1281
1604
1419
2603
1585
1535
1196
1790
1461
1753
1413
1737
1203
2806
1489
1705
1768
1637
1549
1970
1483
835
2458
1263
989
2528
1433
1021
1184
1977
1480
2327
2087
1927
1322
2045
1186
2368
1747
2265
2001
2044
1089
1596
2063
1467
1684
1491
1501
1477
1840
1348
1325
2460
1772
1815
2055
1165
2847
1733
992
2033
1578
1506
1973
1665
1305
1902
1884
2552
1500
1551
2693
1228
2319
1168
1679
1604
1251
1849
2255
2057
1931
2575
787
1676
2042
2052
1786
1240
1399
2186
2620
996
2497
2713
1336
1862
2031
957
1312
2772
1020
1820
2496
940
1572
1382
838
1786
1266
1882
2070
2271
1915
1813
2859
1196
1571
1622
1217
2792
1869
972
1530
2017
1682
2659
1327
1893
2377
2402
1364
2198
2529
1583
1853
2064
1967
2448
1437
931
1846
1616
1648
2614
1807
1705
2495
3056
1578
1954
2800
995
2859
2200
876
1455
2170
1459
1969
2301
2395
2775
2023
1507
1967
1670
1491
2902
2217
1642
1499
2574
1125
1844
2084
1847
1748
2073
2253
1539
2742
1391
1880
2170
1350
2073
1614
1593
1459
1391
1633
1799
2037
1321
1380
1897
1156
1678
2481
1168
2013
1532
1011
1712
1645
1800
1715
1750
1780
2846
1913
989
1854
1329
1193
2266
1401
1872
1320
1688
1031
2290
1696
1779
1541
1411
863
1281
2166
1460
1755
1714
2211
2157
1610
975
1460
1835
1631
1977
1613
2200
1442
2232
1778
2044
1920
1252
2435
1686
1514
1721
1384
1709
2012
1894
1618
2265
1836
845
1512
1483
1350
2303
1690
1046
2727
2344
1281
2481
1737
1144
2287
2261
1439
2120
1491
1439
1226
2082
1540
1485
1459
1064
1369
1768
1211
1505
1775
1858
1299
1505
1494
1596
1883
1698
1695
1747
1609
2160
1957
935
2208
1727
1613
2104
1679
1160
1492
2214
1815
1735
1497
2065
1832
1796
1716
1817
1989
873
2208
1408
2408
2256
1361
1888
1531
1635
1005
1636
1417
1289
1991
2509
1648
2757
2366
1316
2167
3020
1280
2737
1493
1910
1508
2034
982
1973
1597
1390
1577
2236
1846
2242
1648
1465
2435
2648
1843
1708
1611
1878
1528
1770
1186
2855
1982
2017
1485
1334
1773
1880
1628
820
1814
1899
1347
2834
1362
1081
1649
1554
799
2423
1241
2321
2586
2270
740
2435
2262
1343
2478
1849
1678
2115
2365
763
1594
1930
1416
2218
1483
1518
1589
2345
1327
2356
1620
1186
2561
1449
1759
2086
1954
1120
2363
1654
2472
1607
1409
2308
1732
1612
1484
1716
2032
1867
1359
1608
1731
1970
2030
1614
1900
1891
1267
2090
2466
1003
2709
2355
1801
1908
1753
2161
1407
2030
1053
2055
2397
1255
1595
2127
1498
2642
2457
1689
2304
2160
1633
1756
2328
1625
1860
1617
1248
1766
2064
1323
1980
1319
1471
1408
2422
1806
1618
2620
2213
1486
2287
1607
1505
1442
1789
1668
1653
1411
1960
2489
1365
1780
1715
2188
1545
2402
1362
1467
2644
961
1580
1247
1301
2481
2165
1141
2691
1780
1117
2419
1945
1707
2690
1559
1346
1380
1957
1265
2059
1745
1490
2322
1492
1506
1296
1406
1334
1987
2011
1828
2224
1360
1587
1750
1264
2293
1961
1761
1245
1695
2617
1108
1702
2242
1882
2191
1523
1527
2424
1581
1237
1983
1236
1225
1690
2335
2362
2006
1911
1609
1716
2145
2442
1481
2195
1800
1831
2902
1511
2319
1564
1026
1936
2271
1003
1972
1846
1460
1334
1460
1496
2119
2629
845
1618
1391
1651
2012
2122
1860
1700
1517
1280
2254
1659
903
2269
2532
779
1478
1276
2275
2349
2498
1387
2018
1593
901
1553
2491
854
1641
1654
1323
2501
2016
1878
1603
1592
1457
2740
1831
1301
1619
1996
1954
1839
1332
700
2496
2881
1018
1470
2469
1950
2483
2771
1227
2196
2824
885
2062
1870
1616
1958
2872
1082
2139
1726
1975
1665
1469
1581
2437
1277
1689
1520
2235
2145
2013
1503
2096
1877
1828
1149
2208
1414
1257
1721
2070
1436
1840
1435
1151
2446
1842
1419
1674
2700
720
1848
1706
1018
1549
1535
1902
1562
2339
1479
1893
1959
1466
2016
1723
2338
1665
2529
1522
1889
2036
2241
2107
2437
1334
1369
2762
1231
2295
2263
2730
1563
1518
1898
1392
1481
2162
1968
1378
1063
1581
1507
1209
1394
1968
2096
1961
2232
1302
1668
1794
1926
1424
2045
1929
1968
1472
1099
2158
1871
1141
1578
1817
1028
1728
2436
1619
1693
2159
1852
1614
2626
1166
2843
2230
1078
1660
1442
2730
1533
1961
1247
2102
1876
1315
2683
1918
1622
1682
1546
1872
2034
2498
1555
1880
2343
1460
1967
2295
1264
1707
1374
2243
2598
1461
2280
1939
2324
1622
1620
1982
1894
2446
1339
958
1711
2242
1094
2141
2374
2184
1702
1728
1242
2051
1863
1336
1610
1436
1117
2786
2690
1210
1590
1802
1042
1508
2689
883
1429
1839
1182
1615
1722
987
1822
2923
1615
2054
1492
1082
2651
1428
1103
2103
2359
2162
1556
1541
1087
1557
1607
1486
2175
1756
1236
1515
1585
1326
1426
2026
1739
1881
2380
1807
2451
1878
1641
2176
1302
1727
2266
2186
1803
2032
2403
1741
1972
1621
1452
1574
1615
1150
2509
2191
1697
2062
1518
1657
1473
3320
1294
1763
1826
1381
1552
1736
1340
1760
2027
1331
2176
2628
1472
2254
1498
1484
1409
1433
1088
1546
1998
2335
1725
2361
1530
1619
1710
908
1772
1497
827
1391
1623
1140
1981
1617
1519
2414
2599
1994
2246
1316
834
1954
1449
2428
1528
1957
1491
1608
1773
1553
1324
2098
1304
1846
2574
2330
1369
2428
848
2233
1838
2271
2317
1764
1643
1491
1273
1074
1925
1495
1205
2243
1631
1137
2749
2349
1056
1822
2632
1499
2362
1505
2453
1771
2075
2013
2329
1435
1985
2086
1942
1673
1516
1408
1010
1780
2290
2365
1687
1939
1552
1965
2002
2271
2843
1743
2231
2382
2273
874
1812
2374
1491
1973
2552
1739
2474
1840
2499
1833
1977
1791
2251
1602
1162
2232
1728
1310
2354
1493
1732
2515
2102
2056
1820
1741
1999
2517
3078
2591
2949
2447
1112
2165
1471
1237
1711
1407
1345
1640
2065
1402
1500
1642
924
2520
1604
1803
2073
2209
2205
1822
2349
1529
2384
1966
1877
1762
1929
1364
2569
1449
1424
1587
1800
1077
2945
2019
1406
1707
1565
1616
2319
1613
1784
1479
2217
1407
1686
2037
1087
1608
2495
1638
1448
1920
1035
2201
2627
1532
1909
2221
1734
1655
2055
1215
1515
1800
1079
1641
1440
1110
2087
2550
1301
2429
1526
2775
2546
3010
1368
2097
2633
1155
1584
1705
1840
1859
2276
1859
1764
2139
1313
1774
2778
2599
1374
1342
1445
1516
1565
1840
1779
1556
1624
2267
2766
2353
2134
1857
1222
1199
2110
1213
3133
2230
1262
2570
2103
2280
2546
2355
1142
1734
1856
1870
2168
1545
1341
2331
1970
1381
2168
1988
1274
2792
1937
1469
1844
1518
1298
1547
1523
1813
2420
2027
844
1668
2264
1530
2850
2213
1687
1977
2150
1188
2068
1651
1891
2470
1643
2432
1505
1932
879
1833
1283
1896
2318
1529
1497
1694
1553
1806
1858
2225
1410
1781
2029
840
2040
2013
1659
1560
1617
1501
2100
1192
1440
2078
2201
1183
1892
2016
1920
1881
2590
1008
1546
1672
1078
1410
2604
1276
1833
1362
1418
1824
2283
1919
3013
2677
986
1776
2521
1678
1365
1871
1853
2319
1859
701
1349
1913
1161
1569
2288
1148
1560
2208
1792
1585
2127
1087
1884
1828
1062
2390
2166
1254
1452
1458
1215
1867
1572
988
2083
1394
1076
1912
1486
1640
2318
1873
1156
1589
1743
1020
2750
2333
2141
1831
2043
1275
1567
2549
1451
1860
1363
1324
1961
2379
1346
2551
1685
1472
1879
1650
1175
1945
2491
1548
1293
2355
1329
2505
2608
1445
2824
1574
1111
1353
1530
1656
1465
1628
2069
1322
1258
1238
1531
1847
2028
1645
1646
1547
1961
2270
966
1497
1704
1663
1587
1461
968
2566
2748
1760
1420
2285
1722
1541
1340
1552
1854
1566
1015
1208
2366
1926
1597
1374
1502
1603
1524
1223
1687
2791
1350
2998
2224
1150
2171
1739
1864
1743
1700
1343
2148
2159
1774
2689
1506
1121
2767
2285
1214
1876
2231
1325
2129
1843
1258
2360
2218
1266
1961
1537
979
1832
2131
1126
1482
2100
1084
2006
2046
1897
2854
1572
931
1675
1434
1724
1841
2201
1559
1828
1609
1266
1495
1706
2322
1809
1435
1435
1388
1642
1437
1877
1864
1529
2363
1714
1000
2517
1807
2299
1842
1661
1137
1172
1328
1452
2112
1590
1408
1777
2269
1411
1596
1812
1273
2290
1508
2065
2496
1603
1727
2015
2458
2525
2069
1805
1202
1824
1434
1762
2091
1583
1982
1355
1952
2171
1706
1515
1850
1418
2165
1826
1806
2142
1269
2301
1726
1547
2059
2528
2334
2467
2527
1564
1695
1715
1937
1594
1520
1253
2307
1646
1451
1988
1776
1925
1362
1501
1172
1458
2235
1079
1930
2155
2110
2016
1417
1224
1852
2739
1927
2153
1863
1973
1368
2593
1633
1940
1762
1209
2452
1811
1383
2411
1470
964
2228
1693
2250
1839
1505
1369
1547
2795
1161
1480
1615
1217
3052
2544
1673
2329
2545
1853
2122
1832
1903
2183
2086
2491
1783
2589
1417
2479
1487
1632
1639
1405
810
1505
2138
1440
2520
1463
1453
1876
1424
1137
1764
1403
1563
2001
2048
1154
1876
2313
1348
1498
1754
1327
1498
1772
800
2826
1878
1411
1920
2156
1244
2030
2374
1068
1801
2102
1628
1833
2106
2156
1412
1934
1887
1659
1789
698
2765
1961
1066
1383
1726
1286
2582
1964
2685
1736
2446
2316
2052
1736
2001
2014
1352
1028
1716
1364
2225
1283
2285
1029
1711
1295
1329
1500
1754
1583
1872
1951
878
1230
1992
1362
1580
1433
1554
2254
1390
1310
1995
1430
1909
1843
1612
1408
1661
1276
1151
1356
2879
853
2193
1933
1422
1647
2065
1460
1737
1488
1608
1580
1891
1553
2556
1657
1688
2578
1424
1238
1667
1661
1257
1974
2267
1684
1463
2499
1358
2230
2516
1889
2052
1774
1118
1930
1646
1451
1574
2015
1278
2808
2641
1087
1286
2079
1228
2089
1557
1734
2429
1638
1606
1566
2046
1354
2279
1965
1757
1397
2195
1353
2290
2456
2042
3009
1651
1115
2289
1705
1679
2249
1380
1312
2137
2047
1172
1488
1462
982
1910
1549
1577
1505
2302
2404
2685
1481
873
1665
2742
806
2919
1907
1809
1295
1981
1399
1867
1628
1384
2371
2221
1157
1468
1716
1115
1314
1685
2735
2487
2279
2478
2184
1474
1103
1688
2666
1304
2248
2272
1600
2749
1994
1559
1322
1993
1172
2482
1333
1316
2289
1678
1795
2189
2679
1853
2071
1867
1328
2471
1396
1099
1660
1283
1088
1722
1430
1209
3032
2058
1204
1671
2836
2154
2036
1966
779
2055
1592
1581
1351
1492
2448
1709
1479
1084
2694
2280
1106
2490
2201
1417
2911
2754
1215
2106
2358
1202
1814
2536
1232
1733
2224
1960
1840
1326
2637
2409
1247
2301
2871
1778
1415
2153
1336
2259
1619
2020
1236
2659
2914
1167
1754
1687
1653
2511
2075
829
2038
1754
1020
2598
1860
1276
1469
2362
2508
1568
1781
1448
1192
2655
1680
1619
1659
1641
2159
2079
907
1558
2593
1330
1891
1858
2144
1513
1739
2225
2327
2382
2005
1786
2023
1039
1936
1652
1214
1742
2135
1825
2210
2002
1309
2628
1860
1977
1594
1312
1943
1738
1785
1371
1715
2608
1408
2474
1210
2303
1726
1787
1647
1803
1531
2091
2004
1178
1541
1344
1622
2632
2472
2114
2137
2211
1550
1406
2145
2492
1092
2310
2058
1427
1711
1315
940
2606
1426
923
2221
1462
1468
2923
1787
1498
1615
2288
2110
2812
1775
1857
2675
1895
2004
1731
2461
1771
1438
1754
1608
1692
1928
1446
1682
1639
1421
1484
1532
1405
1351
1529
1458
2108
2372
2019
2558
1830
1807
1686
2778
1120
1673
2579
1874
1500
1940
2719
2087
2178
943
2002
1504
2681
2213
1528
1512
1491
1611
1504
2350
1241
1280
2484
2832
1489
1994
1547
2373
1970
1917
924
2974
1536
1994
2313
1560
1118
1285
1911
1038
1395
1582
1379
2046
2225
1250
1827
2225
1707
1936
1526
2510
2765
1590
1409
1549
2842
1202
2775
2885
1941
1429
2269
1649
1616
2000
1051
1768
2421
1712
1935
2095
1418
1493
2077
1652
1809
1633
1087
1515
2248
1860
1248
1601
1827
1655
1405
1193
1410
2585
2145
2214
1401
2644
2649
1549
1454
1904
2744
2798
1718
1971
1466
1447
2474
1360
2167
1995
1652
1937
1407
1588
1549
2188
1492
2573
1730
1218
2587
1998
724
1802
1919
2011
1784
2527
2012
1994
1750
1561
2523
2044
858
2649
1624
2305
3020
1996
1845
2078
1835
1944
1594
1905
1656
2521
1530
811
1586
2055
1063
1463
1575
2047
2419
1747
2133
1450
2116
1772
1748
2158
860
1869
1829
1145
1907
2133
1358
1330
1934
1681
1318
2307
1119
1638
1489
1223
1310
2297
