636
1020
3328
2816
7020
140
340
852
4238
2848
7602
8844
3916
5920
4770
8476
210
4428
4784
5668
736
6948
870
1530
660
2112
710
3168
8160
2140
2016
1504
2700
1224
7504
756
3952
5746
1200
1026
2106
2420
1824
1218
4800
4984
6624
2632
1184
3150
3268
1652
1058
2028
3760
848
5984
5814
3536
2028
4248
3384
1808
1344
444
3036
2160
376
1736
1296
10530
540
8640
2060
9520
1520
3534
2128
10244
2704
6528
560
650
9666
5304
9240
5704
9968
4048
6880
1876
2016
2640
918
360
3304
2728
490
4170
564
7714
3312
516
1920
1012
576
1812
2360
3936
2794
3150
1564
3146
2160
1650
4658
2080
1380
1246
4746
7200
7248
2976
6384
3024
5368
360
2106
1730
3484
9296
696
7636
3104
8234
3040
2124
2850
5350
2772
930
2166
5550
8750
2200
1156
1064
1780
2848
2496
3744
644
1440
888
1012
4264
2450
4048
5632
6210
2346
1496
6764
4048
1552
4094
784
5236
1120
5738
6204
1848
2544
3060
6324
1056
1344
6480
6308
9100
1134
1600
6992
1904
658
588
864
924
2580
128
384
1360
2072
1890
312
880
6052
540
5920
7074
7200
10712
7308
3580
6696
6624
7728
3200
2640
1764
8400
192
4290
7728
2016
5250
1760
4662
2646
7696
5820
360
1482
1932
6272
3888
3520
2200
3294
924
960
1500
360
4640
2688
1760
1848
5940
836
5290
4896
1620
8232
810
1760
5460
1656
2944
650
260
4060
4872
2704
4636
7320
6920
1440
3926
1272
550
272
1808
2108
4500
784
6696
2070
4212
264
2184
660
4444
700
200
260
1230
2800
1404
6324
3440
8496
328
4998
4608
10640
4386
390
4356
3800
4446
3564
4400
6720
2160
6318
2772
5850
6264
550
6528
