12012
10856
2196
7540
6156
11792
10166
10036
11716
7686
3978
4998
2576
20184
5290
2044
3264
5320
7030
10000
7128
10974
5400
10428
6000
3024
3870
5424
11220
6930
4320
10476
13104
4160
2848
3146
6600
4104
6540
17000
18144
1826
8062
6336
1638
9522
3136
6028
11220
6720
8496
4316
5600
7308
16554
11940
9880
3270
5980
3162
7936
3096
6720
9900
9408
13888
4340
1080
20242
4680
16620
6494
4248
4992
15488
11700
2400
10624
10080
10272
2226
3072
5200
11628
4720
10788
11220
8400
2448
7280
19432
1350
9536
4002
5050
7112
8304
1116
4860
14656
9486
1716
2144
3696
8376
15200
8352
7228
5542
3360
5850
3570
1734
15132
5400
7992
2728
6116
5328
5904
7752
2784
10944
1566
4416
3572
8694
3894
3864
1534
5432
7850
14520
4524
9894
2940
17342
13936
7068
14490
3562
6468
13340
6270
17280
4290
4360
7840
7344
6912
7372
4788
3740
4600
3906
12000
1944
6104
16362
10260
19866
7998
5980
9184
10908
9268
2052
6760
1476
11440
12750
5436
12192
9600
6972
7568
5004
5304
4176
13156
7100
3438
4128
3300
4224
12450
15400
11480
3100
9282
6902
6272
8556
5786
7852
6076
8344
5280
16298
3420
4340
9576
3752
11752
11050
1820
13300
4500
15700
12524
3384
10080
8160
16620
13536
8364
11144
11046
2840
14728
12060
4564
6240
13884
10076
13108
10122
3168
8680
15064
3270
9962
7392
6970
13888
11058
6720
14400
3120
15792
1920
6266
6776
3776
7000
20274
15964
7540
11760
18480
7268
3870
3384
7774
6816
3080
19500
6042
11352
3666
3808
5460
6080
4686
8256
3580
6496
8500
4240
12416
5720
6204
17640
13002
7128
2414
3588
4108
15576
3600
5146
7448
3562
7136
2904
11168
10660
13720
16448
11592
6700
4576
11248
10500
5840
9282
6426
19800
6240
3618
5876
7968
21440
8428
10856
14256
7904
6696
7276
6370
5160
1232
8148
9622
5940
9988
1620
10672
1562
12408
6384
16200
4140
13338
9240
6804
15480
3740
6820
3840
8060
7710
6132
3096
6120
19500
4242
9772
5820
4708
7194
4218
13068
6260
12920
12054
11050
4800
9576
19440
4224
6160
6912
9338
3744
9030
2220
13262
11016
2370
4920
2720
2948
3820
9216
6664
13446
2052
12204
4560
14016
4884
16276
13552
5320
3600
5880
21120
15088
1456
18368
17192
2720
4848
6072
4360
3230
4800
5950
15190
5334
5904
4500
6368
5616
9472
4750
12096
7440
6930
6324
9588
12336
10320
15624
4464
3456
8160
22336
19712
6048
7500
7150
8532
10824
15686
13104
13740
4700
3016
16066
7144
3094
5278
5040
3128
10374
5504
3920
7140
8800
5796
10140
19840
6552
12788
9810
16380
4104
7392
7904
3474
11832
6138
8762
13176
15080
1540
15444
13108
12096
4512
3924
13120
9492
13392
6380
2800
6030
4850
17690
6336
7852
4664
3796
3924
8330
9128
5824
7224
6240
2166
1980
21248
6440
12628
10920
7956
11286
9200
6160
18150
1500
9072
9240
16820
11340
20928
5580
9100
6876
3630
3960
8400
16740
10496
12466
2844
9660
7980
