21500
7832
18400
8928
10740
13800
19266
14718
7290
29214
11732
9000
10998
29632
34620
16896
10968
29946
8322
4536
18872
17184
18584
5130
9912
6912
28404
11886
9860
27782
21076
8712
4340
3276
11616
25300
26772
8280
13536
27720
6300
18018
10860
9630
12052
6552
12720
18384
12364
24592
8730
10560
17820
10902
10250
18144
23184
11520
7074
21384
21330
11008
13824
15880
11490
11064
24000
8532
22800
6780
14696
3718
5360
15236
4240
35072
24336
21204
5688
4140
19504
9216
9716
14130
7812
4464
6474
9264
31548
27376
7168
23920
25488
4256
16632
6780
20504
9416
6164
16296
13364
14508
29960
11616
7766
19976
17824
13428
9952
7248
9920
20862
13272
17020
10140
17434
11154
33900
22680
9652
8536
20768
9750
14592
18972
25088
4872
10144
5588
4032
7150
18432
19150
13608
14196
27186
5200
15120
12320
12844
6048
12558
30480
7700
11520
13680
16184
10548
4810
9464
5580
21392
14652
14300
13160
8650
3638
13240
28608
27936
3952
7920
10488
8892
20658
17784
9982
26304
16588
18592
31360
20178
7986
31620
34112
9688
21784
19760
8760
10080
4800
8406
12432
15296
6216
28272
5730
11132
7072
6426
15792
29580
19932
14000
7640
8398
23540
6908
13824
19740
33408
19530
11096
8778
13260
9416
2640
6210
33180
16170
3344
14184
5724
18088
10778
24360
15630
38336
11640
10506
23772
8220
5244
6386
36224
6858
29940
22128
7304
8736
20460
12958
37356
16086
10080
26070
10080
3706
11036
14364
23408
10564
21336
18476
6420
18720
21546
7056
26506
8520
11310
7128
13350
22980
17484
11712
3388
10530
14448
31610
15130
23604
11232
5664
3360
11184
5800
9660
14652
3330
6800
13824
13846
13320
16200
8052
13368
28896
23046
15254
25784
11078
11328
11176
32116
7950
12064
7470
28168
8024
23800
21350
10856
16680
8704
5706
4384
27904
26100
22528
11310
11316
15048
14238
30228
24896
13068
21846
4114
6816
19006
5760
10758
25080
8784
9884
6732
9680
6700
9396
12600
5976
8704
11160
14812
30256
16160
8360
10580
7182
12636
28260
24864
9128
6262
3210
14592
32820
17856
19020
14900
8032
36704
6880
34140
19296
4716
9456
3640
9724
12528
12672
11730
4840
5778
21080
14960
6132
7992
15576
13824
10016
5236
6936
10030
6348
10626
8910
30294
23584
10948
34568
8268
13178
5334
5600
10540
11676
8492
14352
28728
19560
7828
16416
17800
2376
9880
16800
7038
9984
8976
26268
10868
5120
31614
13032
6400
37554
10582
6228
7366
8360
10016
8708
6578
5544
16640
13906
25750
5490
20650
2340
13656
20052
2034
15470
3680
18908
12892
15960
12152
8346
8802
23892
26350
21204
26664
23720
14388
15456
23920
25650
13860
21760
25168
12824
12540
17484
14336
9522
15840
8096
23084
14588
34440
14198
22380
4374
19492
25484
9600
12038
24552
12400
3388
23896
12292
15240
13716
27200
14904
34914
11340
8982
8176
6090
13120
9196
23850
6420
12480
4248
14912
27608
12886
6798
18180
23400
26208
11232
21808
9152
18648
3222
18568
7002
6408
20930
4104
20220
22750
8100
9200
26028
6592
22440
14480
15232
6424
10980
18630
6840
16632
11952
25074
11004
11928
25110
20516
15120
7632
24700
31158
6580
12736
11220
11308
15320
8694
25152
4360
28134
12390
14112
2376
12100
20268
21492
33924
4956
15436
13720
10626
7250
6882
11564
13950
25272
25278
8568
4784
5192
21912
11920
7944
33698
22980
20120
18258
12040
4828
11080
33728
5808
11368
21576
17328
21312
25124
6612
19544
11466
15356
7008
5910
15568
16200
8400
7776
18156
32670
14872
15750
15080
11462
30856
14326
13824
14964
5586
10538
14630
9576
31744
14222
11040
34620
9018
9962
8932
23250
19160
12936
7860
22040
23868
31436
8370
8308
8568
36564
16520
6744
2960
20368
3744
18816
11800
7098
17820
11024
12240
20108
10100
16632
15340
8030
12078
8694
32032
11940
14160
10380
16952
23320
20034
6288
5278
8946
28236
6960
4672
8748
9804
39468
13728
18252
38940
19446
16354
8586
9982
13520
7578
4200
4590
16490
23600
17168
5612
10476
11400
11376
6216
20244
6552
12894
16550
17136
22880
14728
28176
9548
14800
16124
19024
15408
30672
21528
9614
12032
19260
28710
16716
12936
14070
3468
13500
11676
5616
17100
5474
9520
6300
5640
15600
25234
21200
12172
3762
8432
6336
14760
3564
15456
15962
8478
20320
12886
8800
8360
34046
3224
11634
7334
20608
15650
12578
3444
5520
5838
30672
23880
13680
7304
6936
9632
8536
23488
6116
10164
5858
10400
28200
15364
17240
15314
9288
5728
12894
5430
9072
30618
27162
14784
11592
5220
21728
11256
6840
23280
25784
13212
11800
17820
35772
5928
3848
7810
28594
7520
17168
16812
9048
36864
8800
21024
25218
25420
10170
15356
10052
9216
16912
23640
14688
30976
17138
10728
9552
28080
10280
6850
12096
13290
7640
20644
6776
12144
28188
13680
4992
9144
22932
20184
13250
4686
8664
6228
7068
10604
23808
16744
12720
12608
19894
24096
6996
31968
17292
23452
29888
6148
22356
7488
14480
19256
30784
11968
14952
5746
10374
21420
14268
9300
8220
8526
6600
5640
7434
9972
9060
30472
14612
13018
15400
13396
18000
5852
19264
24104
13416
11928
24050
8802
3024
8500
34286
8128
5746
18144
28950
30442
8492
16050
34140
17028
13752
12288
5586
16128
4144
7128
22306
6048
12064
9882
15180
8460
30144
26460
24084
6120
4686
15176
10048
15596
10548
33540
9120
30464
8748
17784
15618
5376
28320
8736
15312
5198
29328
17900
28352
36992
12628
18200
3900
3640
5252
16064
9600
6780
7868
17408
29058
13950
30848
9120
12888
14256
7968
