251784
699584
299484
1753100
221598
627150
991020
98084
281048
61596
1670976
260288
73304
1785344
1292400
264012
859688
965770
33534
472140
1381506
651816
688798
114720
596410
1142526
270912
668360
144336
713922
1267532
313344
1338582
755508
427440
368064
939120
251958
259500
1541272
1310984
373240
20800
902682
1764780
1592638
179056
1414544
456620
58608
312440
501618
1538810
2196392
458400
1563600
142516
960960
1412742
188544
802384
1950080
39864
944388
290880
1069776
475200
145494
1364510
2340000
294036
734954
566566
959662
278718
158256
106352
189222
93330
95472
450580
2100788
80088
905308
923142
1083720
1117544
2427800
1379870
1656460
2376480
28880
1559952
774966
803712
124246
380770
128608
70516
305920
932256
653600
41540
1972328
302304
359456
63572
531500
355400
445334
568736
1084302
39168
108540
566496
2131680
259210
2366464
43200
70590
886528
292974
48094
678672
230400
989768
39032
249664
52320
291150
437100
61534
103488
711074
523936
267512
1345092
66436
1308336
1026198
459816
22800
750696
1069950
810250
518914
313300
592952
84952
651182
35496
983400
868168
1053910
963312
1045760
2106416
350784
95184
1079500
40152
381920
172144
40482
560012
132704
246870
413750
92550
668528
200704
186912
86716
526114
891200
107962
585120
365560
616170
345096
244992
217366
335654
503972
1344028
95472
21000
279558
727590
319104
589056
666000
2312416
235392
424008
1763456
47700
436212
2090000
136068
494604
307128
837468
1767840
302480
703584
1387788
526372
944550
1090632
1741320
381280
385336
198800
83204
513968
237360
1081704
799932
2214016
1027180
195120
1372140
722736
655350
616896
1142466
227332
1851696
16368
720744
463408
425334
974984
1742944
329760
331920
388960
1241496
81902
212936
1217840
967800
860132
61000
298044
190480
6766
253968
274248
1654052
637632
588544
154480
405886
567732
1019280
381264
896980
1211054
1067904
2423456
51076
61568
96976
1696860
445116
58682
26158
578880
375948
288288
297306
547344
1407184
1128564
501808
824676
642294
1149424
1347360
1512900
779520
1598940
316914
581296
235752
249216
925650
439208
225094
1015740
1131996
1825572
222480
214512
1808000
450060
1113696
1215810
1226520
228720
1384600
46056
1103520
895488
626808
297660
953238
800800
61344
1278774
383180
1527660
578560
170430
615560
412512
659184
1382576
1286580
1740596
643620
63366
270144
82896
250380
465660
504768
1405376
991440
473196
650560
1835160
782496
651600
182952
614188
70890
55708
1093060
1091774
1294176
1195950
869820
2302940
1356762
761944
223210
19040
36720
305644
250976
997260
558398
295540
270360
1149456
829080
1344858
2104704
709456
802750
743436
1439568
1341440
991466
1103740
1906406
106392
180900
706614
376080
484092
354620
762410
2161612
460290
906218
66780
1407952
275616
733192
1687604
703070
1197800
2115854
784924
1632000
224268
550680
210012
37362
1272640
312312
371028
157572
142464
262072
222360
254364
931008
551060
36660
632620
1309112
39824
84672
897688
1048050
845514
578088
886104
228416
1642232
1212416
121764
599918
1139138
1199184
997600
145262
49920
39580
1812480
515664
843660
300906
832542
787202
147064
306240
1237392
54740
10240
300604
2038284
28008
1247750
930510
185328
506400
371036
138556
768560
242730
505300
157842
1507324
470272
297792
1480752
466650
620024
104924
824206
379776
739050
218050
902616
112422
533148
622720
524448
1927002
74676
319440
423550
151788
2222484
46644
126216
14022
1538856
271128
889922
313796
601728
616550
102696
1202056
322152
1350888
707152
313820
1697226
462400
336160
370514
13718
2359390
229032
1039642
1881832
528112
737242
174420
167580
330440
1189426
1324772
109284
224114
435968
1157632
1135104
1059864
181230
162368
1944000
396460
27360
72732
732036
508266
575952
198612
17546
502580
386740
1876440
182658
506016
817726
450432
37932
837392
402426
1131240
45056
610130
581350
1104318
636384
916158
293508
230940
1700076
1039424
681912
162560
1090880
257472
1480920
191320
263340
1692266
237006
63468
180340
186576
680238
368928
46998
1285744
297648
523050
1976866
987160
323596
203864
1106820
1423860
378548
586690
1027240
58050
94962
496944
481068
531040
223500
911232
693360
1046864
12284
878598
417562
2081472
1145620
772386
921800
237104
297356
160720
958848
319216
372960
443300
696490
18894
146340
403560
226200
895412
356372
1600528
1070472
838212
860880
388832
1116648
440190
730940
1643202
929254
71502
20900
50250
256594
224394
623952
93964
829620
88504
646190
562856
490976
401120
474912
111848
198000
1347920
37800
230736
481376
115236
963612
287068
461038
292050
1783580
141064
59700
663850
1476152
337560
124254
66450
949536
1069818
162192
209328
40920
612850
397404
702180
463420
1012112
1036996
2057920
1210338
1496064
567280
442320
217064
1061412
61920
613556
136178
101250
4600
257516
773310
239496
243020
1591380
89628
686664
488104
530048
849864
150680
1812906
477540
2264400
932750
86436
458220
665180
644784
333312
784420
60048
989194
1897500
24840
25198
283752
510048
711504
778888
1472488
402230
767558
656208
486822
928678
528792
324192
1584916
552156
1235520
1732824
194764
45032
1463616
13988
84132
798560
59020
738072
459648
208828
1227348
1879504
308904
1160082
323730
51968
145770
897260
1305590
163130
1932538
122130
847380
1683510
880306
1379000
239168
615276
439300
73962
12430
250784
646912
558272
399420
1337292
93450
900000
511670
466970
1213704
883200
414180
130720
262384
39180
836620
282846
216180
1626210
689430
580506
862400
705180
1306934
1570844
207840
576090
271360
488840
375732
43512
381192
1564208
413526
417312
201608
350064
808368
260924
327600
292320
847028
108946
202650
85652
109950
196712
86870
353520
123136
1458600
338520
997968
246152
1868720
347220
469000
1234376
121680
987000
29492
2447264
54264
178848
114810
102718
136940
313500
73892
990448
334748
811586
51240
201096
264500
1551726
591192
371334
552980
750982
800982
1588944
1659784
146160
163976
149880
192720
1360076
42696
511860
1024352
359640
152760
75768
335668
1151292
757512
1914744
385440
665466
2018368
1812888
261120
379992
11280
1366544
353750
23628
522000
479392
448602
1476292
406808
158286
708092
302886
1526658
466070
68136
1280180
239856
1495066
761600
405212
976320
1342208
681280
98256
1015352
1460440
637806
343776
125610
120932
1840590
1264494
982584
844398
391248
36000
1253436
304096
745654
642616
1326894
1235808
77490
402560
134316
2279582
922982
72474
64170
102000
1377600
1007240
52200
1099032
60256
271260
1262280
265176
204984
895076
331056
358540
301890
11060
97342
1310240
685100
634410
105072
528050
1973246
133668
1483080
683360
118066
436972
659256
461206
423552
541872
34400
834750
1656248
66220
263760
1166340
652860
559680
1993910
392200
1354178
1815358
368508
55872
915258
166744
1749352
116144
1272570
182240
526640
544236
653764
1094176
601328
340400
1001052
1237416
1101762
447430
420552
384648
142760
361098
654372
215884
101452
159840
1179630
1206498
312898
384886
838110
1419972
1297282
1151736
595952
265824
351204
1454972
72802
944680
1038186
133476
264932
178752
406966
347852
622808
717170
64090
289872
19392
841600
1508168
2007870
900536
41328
1960208
244480
605340
781226
43334
12288
353100
94072
1722644
1186656
68820
406966
43180
135600
1842212
101916
659872
404124
641172
734784
339342
520144
395954
1188560
432972
483560
140012
198360
593290
1075620
1144440
216008
335110
1183506
1658358
1031480
628082
96642
194480
1152170
104608
1558480
82536
648480
349392
37080
318104
116160
2359904
4536
517092
1268608
286868
1035328
507472
850720
643188
300664
907008
1954484
360448
193864
233964
743580
1293426
1246160
631488
295848
232050
196800
199318
851352
101724
52920
109510
755436
1517568
28728
805800
1624212
57152
2123276
1560432
674778
496206
1161204
20064
411648
386352
543012
1740398
532168
1380288
324000
472410
1484424
122284
188860
618488
1436360
1343230
799326
1762164
613720
1227940
20402
1681690
951112
658800
838194
297948
416740
838964
665658
376640
158270
1465596
541454
268916
1859456
193856
1946800
78540
1334814
531252
701018
305200
254408
149796
1595916
319780
1440180
58280
433166
1175520
1253836
226860
1105688
83500
841320
1195920
1198704
681408
95064
1630800
817064
271944
285400
1649340
358524
1327020
269760
75456
58176
2070350
729796
145340
96784
270900
371276
2148734
30208
1517250
2134024
1056876
1129376
1070640
1602444
328512
472656
1285136
102408
2090880
341310
1881350
213560
212268
475440
658800
1005578
209664
926394
1267920
105924
1413324
677740
1143952
755604
91656
343440
507702
228084
2178174
913482
1230060
930818
468270
1193424
1370160
946554
2016900
112740
520026
672676
851840
161152
945952
1563282
1247656
1129122
72072
623128
662480
454230
1193276
1484280
452960
240370
1008644
78880
1245252
2210520
78064
2024640
250716
1027842
18576
481978
103200
1737744
28336
1497366
166668
291280
1006260
363360
930976
1335054
773946
282600
2244034
1022754
127608
560742
1185624
279840
209272
397800
1192184
1131480
851292
1134900
341360
115712
1572080
829136
163736
34608
1268410
271264
453150
65988
74880
273888
211260
94570
337680
175920
150458
679932
92352
324126
963500
756784
145044
507508
1070972
286232
351072
444048
1051232
1059180
1310974
558976
84224
1831060
94720
156520
1533952
561200
59092
1769620
125324
65772
2007564
732480
698196
290304
32824
64752
1248380
446216
22618
717910
306360
1481904
718094
61306
655458
94392
157092
280860
1299080
699300
1475172
463680
54768
834918
166680
529674
89088
441048
865240
1665456
87416
151680
1929912
772782
1129254
1043312
1380730
158112
583950
146568
156912
1720548
864796
266976
939292
90252
1318030
315766
505008
638880
1941978
715316
93366
934466
129156
1027414
113564
1255912
42532
396900
106496
356584
462972
113712
1194366
1269138
952000
922990
685072
44000
189840
296352
209456
193230
134640
1368400
901728
153560
181440
1020656
2143216
1163880
725656
218088
226100
7810
1305056
182368
630708
897278
2250960
184884
982710
358020
1918848
619180
329300
1613758
1033546
575168
1634462
149270
880968
1628660
1116342
1389622
88320
688652
130626
1938060
290852
114824
1545824
12412
70144
241280
1419110
540160
163680
104272
719610
1438272
1069866
189000
416500
264678
1837424
742212
855900
475020
1224496
1207870
447240
31008
204268
742510
834064
1216000
60480
816948
399504
1421766
245778
51454
1333986
1517686
648010
2104650
277380
676644
180450
390940
2069928
832240
692838
1407786
1981956
334720
682110
406176
1882764
334464
673166
408630
1559372
1543074
458884
258274
575384
625968
74880
456370
1439852
1096432
1266840
1068800
884520
1832600
157680
889540
796852
1083720
512928
968240
202676
158834
50184
1800900
631380
657888
1053696
198016
437778
58014
63080
1034208
850500
541650
1446900
2263128
797486
724470
77280
109980
1283716
458880
643034
250608
63350
136620
455392
328166
320600
294376
36100
939060
1760436
984000
108170
73660
927960
555422
101050
235694
1800440
685270
256450
363078
138920
833514
180540
860706
1084500
969408
416950
341094
583470
1214946
97152
548900
997464
261404
45140
201376
401520
259220
1281996
1644948
1614816
1807610
703750
1094800
45202
2096092
733164
797998
1552572
703250
459192
212760
61308
1275552
1287300
1065288
571458
1701612
1870056
553400
209642
652736
147030
648384
1028130
450910
71572
1041300
128100
537600
1084320
16654
1578990
219024
668772
855042
292560
1337340
425376
400820
76058
1437784
1236648
63752
1042176
1181526
322410
2000232
877866
252406
1035452
1745700
229968
1798930
245216
200520
955554
174122
1117160
25696
1874444
2235384
379278
429800
807120
906840
571896
1429956
913646
336160
918382
243144
638224
1253264
973296
952224
573000
2294180
241522
764220
479150
83214
151688
656412
1994960
789700
666438
1504716
948424
1753034
620280
1881604
2281284
1216864
619150
65680
1202852
1476846
1005804
1413486
1656364
23720
573534
1061376
257040
50820
574804
486542
533210
1856378
176320
368056
970530
57092
101640
820988
596564
310874
723544
610880
653884
1537172
1493612
664956
78104
1937064
105190
1502940
650800
95368
509124
962520
701288
61596
234004
480006
766122
431626
1429248
958724
803400
254374
2563770
265696
1921016
130264
346368
2332200
462200
278300
656632
351432
574500
823716
198000
410040
468318
505748
1005376
655840
728640
603720
1772472
54400
45218
16720
2085912
131520
31958
1054000
705856
284232
266336
662288
155988
252000
2279088
180274
444392
108108
2082210
487512
607824
763676
544032
479322
41736
668500
52668
576504
925550
794352
19068
426310
144672
234048
746130
348046
358190
52624
2046972
228960
469242
16468
1218632
969464
69920
123800
852036
411616
779340
238914
264680
322560
483192
1353150
116746
158340
78374
389656
492492
28896
65856
483954
1207310
551754
590592
151682
1306058
380808
238272
1414728
484840
18522
153450
418296
1970748
635896
459850
223440
232832
17612
1450536
1711944
759240
1607470
605544
762390
1462104
235960
184864
1697264
142344
1499100
93554
755420
1321580
788920
29120
1397728
465982
206910
2072512
1283310
590538
1321278
1441224
301476
211728
175560
173040
129696
58920
519210
156544
944328
855268
222604
740504
2391642
25830
1068914
421524
49248
101088
496168
151320
484320
129808
980748
384680
195132
1370200
927570
458784
1468012
2491740
77040
227662
1208320
244296
303844
1691496
1904850
1155184
1756686
337340
1800744
397632
109242
721132
239820
364746
106488
150664
1231972
160312
630924
17280
814792
356200
742418
379360
768978
169960
1138320
216030
327856
1248042
305864
265534
1105408
1425716
576912
258172
114144
615342
1201312
439208
250984
41448
482508
36480
380742
831402
1580448
2078016
647462
823800
59248
1824336
437958
494850
227040
234576
1059944
447996
414388
871212
197036
970592
615528
16796
308400
692000
186600
673992
793638
816144
107944
426800
206040
1174978
1186816
1000728
316434
1285200
242904
1214400
1159536
144668
840926
242220
360084
667392
349272
318200
999166
976696
654888
1073632
447966
861840
189000
610064
192618
580598
820656
366720
180068
536340
995330
894700
702178
428156
702848
1794078
1289376
135630
106344
822016
1055040
738568
154570
833036
1434186
177008
1788188
1589300
1543074
476300
64798
50862
510496
437544
197824
2035904
951336
79924
1353336
958500
85998
194246
657728
955920
1173470
164592
748350
262508
605748
1402380
653692
1100550
361592
38240
2246148
539396
990152
1107948
61880
202000
590376
1421280
464376
1176282
825184
323680
736346
81938
286650
1335324
114282
1243912
2261062
63648
883572
384064
66264
116012
164220
1479038
1403136
1101176
1916400
307296
1468128
1831380
313344
614916
1476318
559454
63934
273134
1341000
228124
1291224
1695720
42316
203694
119262
616986
223440
165338
846336
1340042
366858
467620
311064
908224
363910
174522
169024
860400
1923264
425304
805296
1030540
217828
103824
2062280
16168
969228
987792
269760
650340
1634230
424504
177984
1671040
819352
522912
316480
554176
1934208
327240
818148
1455360
16640
218822
758340
246240
147264
125224
871488
727224
174300
1223784
633472
2196474
1463700
1234584
51200
147420
38190
915752
198396
29900
724140
1415216
2266184
1090000
285262
28800
1634074
380100
1252608
30648
75260
1757700
1317348
746980
118902
454206
348684
629148
35178
614928
644244
72570
924102
147752
82240
1492676
316160
1558320
120120
64152
19734
96400
215760
983164
292740
890712
115920
344648
357588
38624
57772
1338212
468568
946842
2099056
111784
1257720
912834
1557930
393012
399500
989520
431626
134754
790908
1229338
140876
220544
252288
1621452
1126268
166634
166992
1016730
1117480
2283866
125664
160412
362604
1743804
1078784
127008
1535710
169882
280500
685848
164248
202776
191808
196878
1021348
54740
770600
219912
1175388
624000
149084
951216
661416
1864656
1161856
615936
595584
313632
122252
153782
1722270
136568
736020
163494
450240
39688
160398
624156
1130364
2336308
38802
234670
126600
1089082
72404
1095330
1702360
58564
90504
1213440
1000746
1820448
634060
502740
26532
278478
906400
1494224
892278
524768
1500016
390348
69120
1407168
271800
1396460
52584
357600
531048
355264
418462
1490790
442152
456568
2082920
157410
692076
909440
2140992
44506
2274060
647270
109204
430454
796140
1623600
324936
162032
1859612
661628
1961256
749736
546104
524856
765760
817602
1884132
286508
1284976
132216
1120352
96780
251140
168064
494624
17226
67500
363926
640544
1339310
142410
285568
298220
1298460
253854
2073280
244984
177984
642678
542888
237850
1266350
1163120
870458
1705320
991760
198576
324666
346320
876744
950950
1981776
419654
63126
12636
30998
132354
45480
149040
446784
805222
1019032
981560
1770448
1065126
330464
303912
85800
1857600
51246
1116840
40296
1061476
283608
664430
402288
366390
1717408
213640
1650192
804220
93138
2052666
1594880
332160
2223286
177744
351526
551532
1734966
1286656
600990
807360
138780
210782
416806
226432
313472
1972680
151008
927000
139734
116634
495216
252560
1328538
1251900
406472
599716
1406664
1136026
7524
164976
172464
168340
646204
1072366
881456
146568
982124
159360
908406
601354
1010900
1549414
92218
2112964
1188572
454132
135000
470092
238260
750360
885280
685152
1098500
268096
438048
128440
222000
26250
832040
80040
1019068
809504
1187304
37200
461880
473352
261576
494736
382674
924660
99680
655776
388220
1507584
432800
258192
908280
2005992
684732
544160
37184
1180350
350460
17784
110154
408844
1811342
79074
177072
178948
409536
44998
2058784
295798
166790
599924
606318
1150250
170316
60536
549524
1186302
181116
497952
444612
1489752
597092
64400
499670
719124
585150
890664
131300
533650
348936
25788
27404
1340952
477036
142994
105588
68576
799344
1223100
1678320
1456104
1397400
557436
1823600
605556
1624076
115700
1232230
11470
84348
1297000
117216
251160
23100
1623928
655330
609504
682218
786744
1314022
53884
227760
1811264
1468790
384744
72138
273700
198354
363892
64260
1418480
826292
11440
113520
406812
263848
106260
2295000
229896
1736670
30656
236670
382704
1270682
1079792
980322
2107472
1539758
3000
160648
985232
591630
1174404
307706
417144
717864
1511460
701892
116508
132342
93732
186970
242282
440804
711512
115414
358098
306440
375250
616286
424032
41448
1595880
207064
1420048
956066
175408
625260
267168
122944
12276
378120
478608
13000
58644
306410
852516
450870
1460292
1371904
1811826
363280
109652
1240206
1026376
665798
185774
273392
1142234
1305838
1829984
15594
1118208
1990960
175828
1198824
651326
2309860
614550
1260800
1172160
358600
1879920
597918
1546020
2104804
213850
437956
470640
1754424
503128
616616
1232964
887490
194990
370174
60996
241400
1360220
1569542
209250
256476
1215360
54864
470374
534600
77000
859622
1385440
1507320
622008
177600
1867018
333996
2139406
285768
93568
896802
479224
1585024
180190
966150
521512
975966
998838
351850
133616
311952
368424
947100
117810
148590
948510
140000
1330472
154160
71500
302684
1116416
1029668
832136
673380
1423104
861282
203780
460416
87320
62036
258274
394830
331898
313434
1275060
736564
1805476
1440288
74256
56628
807840
174500
1521124
377760
1654128
246884
480076
62250
654372
665792
118962
196150
736320
798000
774954
302634
336908
505280
2159444
575400
214524
502100
549990
1405768
24242
2484024
190762
191230
351900
421200
597102
1950104
159300
2036184
721050
1509840
363072
508496
844858
910872
719880
278320
1130112
465252
47070
1626120
66600
567720
62624
32832
1555224
59520
869280
42400
629766
1164500
1265550
1730260
1469160
43260
961600
990970
485208
324358
201600
2040714
1425396
361080
775860
527296
1200878
788580
1140048
303580
2297696
183924
171840
652176
210770
25724
1093662
464324
621280
292446
750952
50820
1194260
268056
1237110
1357080
191820
260604
968632
122160
599886
333000
86364
1152294
1038180
544060
9312
194560
585024
1471512
1785464
1230950
230892
229068
53878
93002
1750320
1158132
419336
746610
69600
131928
248820
1577932
46644
441210
1646162
1550016
775860
1036892
48888
186796
341130
1197700
840390
272844
1148304
553088
184450
441490
721464
692480
878584
438696
1064988
108544
837216
262020
114108
606276
242240
459964
1120326
997776
860100
1528176
1028092
53256
493500
305910
279180
1010880
173394
963032
1356300
263900
480760
562960
1004394
141540
1196664
565800
386100
149280
152988
1271368
71040
1197548
1734656
331240
403422
840274
306540
1770960
600090
55332
455624
424390
391040
858500
1779870
696384
1062936
415072
642420
1347104
903744
56550
1300442
98792
526620
768900
1763370
1857300
1716624
257364
126412
862296
288960
154648
2367190
722190
19800
56440
317988
584268
1854090
780766
550960
575424
1149600
289948
435230
1081744
1555868
119876
266760
900162
399608
1498864
435240
1785000
569700
661640
1473912
1109214
130896
873072
769964
1438560
1819402
1400828
228114
478940
919296
1136128
93672
1223220
663000
1353656
134200
1688064
878212
1796868
167440
287604
487212
2076130
323600
872886
459404
272600
824904
1212546
1584264
113130
614652
1853846
251822
134540
660672
1333296
944328
1011802
102284
122200
745920
58542
758556
1569114
35616
179240
561330
393960
634392
341256
120792
618492
594944
730230
164616
1384736
1652544
578340
267496
160930
480348
675840
985200
188928
1383264
1491770
48120
61600
112320
55080
546560
366660
353404
1985544
66216
427680
856490
8554
235560
2215842
455488
303800
175714
885724
715200
285340
59346
375232
127190
681762
765660
37240
571482
361572
514976
629802
2161040
1682456
94072
872784
250480
267120
124320
1444352
300900
101504
1046682
42920
499944
191132
120000
1302900
1913316
266224
1132934
1036002
2151506
22860
1604020
59688
111228
38808
1669166
232556
1403030
827170
1275120
1340100
11466
34432
163040
75240
301196
66982
2014020
667216
1344480
1004220
88040
585048
123926
333960
2231788
313100
201372
112250
234900
920336
506912
380448
1072134
205776
1055288
478800
1114048
529480
1101114
879060
1009606
1816560
111150
1922000
145800
669760
82004
323856
540144
725440
220272
167544
258634
189544
260910
505296
112962
312984
8118
233664
132420
2482106
1634000
968864
388366
1934940
343044
582180
531440
1265140
656792
1358420
187178
283400
641820
911196
48280
1545324
551232
639252
216608
1218496
13120
193816
1500000
502996
87670
154112
304612
1062048
1623798
104112
560786
1355328
152400
1662286
53328
161336
2110770
68012
588480
1766128
1495046
155550
53440
554496
322420
475524
505582
415660
676572
966592
2087072
37540
162876
199260
1031118
340168
1708260
292944
221508
88704
1802736
1703910
905296
178304
145152
254718
545160
229916
576150
477696
536926
1395744
84196
161576
115570
171648
372564
95940
573192
79376
229568
188730
835982
651392
33000
903448
997696
339948
78456
898128
1331330
2051140
1432074
120280
132288
121660
1469310
1273456
214420
452088
1577466
515508
1227470
229990
1819560
181392
71912
2260012
820524
1805024
105028
662000
529644
32428
314160
1623500
350172
411400
1428830
153594
366520
988846
1359072
356628
243226
567710
178080
184600
101556
1938480
1775840
898456
2509920
1747080
129120
1514736
269420
1575424
346674
562320
1942470
374170
1432112
37592
558220
1447732
1188704
632142
928070
1189328
300656
48024
11840
1002760
1266488
73580
2323240
1974000
50396
2118060
1021800
331248
768600
1742884
644800
754256
554364
65780
377496
2308740
1058420
93930
1032746
932168
128390
866450
647904
998620
509190
314952
241326
587640
312296
1367496
766804
913088
1012144
215716
971866
441612
67288
829188
232286
253274
303750
1329770
206976
913398
781524
989740
814504
593130
823536
152766
1432576
558496
673308
911536
728200
693712
299676
421080
1681482
30400
626670
1703468
740160
762272
1417520
741824
897940
755156
310976
788660
172216
2053936
980496
759798
17730
258974
420888
647240
2277000
132300
1184664
1273600
665344
422240
972716
886340
680652
506754
224840
68856
605462
1923696
429442
1598856
1792368
588528
710784
954564
1062708
289080
1049536
1495422
378822
248738
896320
83700
1258884
201520
211680
757068
1346240
328730
260280
15720
1761992
82128
202464
1716532
1812822
100958
1867546
1040076
643104
103820
264508
1704186
758322
99840
1395248
782984
195220
32004
1754564
1183168
1597860
554652
374332
44744
170640
73358
38368
785400
2384220
1289190
62880
45000
142568
841098
18600
65608
1376802
687422
613190
480920
1472320
1025464
308282
37496
1343682
192468
258132
668160
310434
59058
530700
115680
886320
1372956
1320176
193428
7202
2073780
650188
488916
325680
1416648
715546
273208
1726560
1095438
230300
32096
600972
882168
961502
243858
278280
1387152
760610
656820
1684734
799624
890624
321196
327768
153900
200008
333690
982916
478608
598576
202440
220800
713880
180180
1213272
237168
222156
1178606
51996
171654
923552
1118430
435252
605400
81796
168504
794808
333080
270756
729428
1201900
1353380
438720
116194
1198800
77352
140340
1353512
1156276
247814
1206336
157780
729174
1085056
39004
1371874
1593648
325430
516780
57658
259488
78052
522080
869896
1724364
533416
1185714
1474200
276830
172434
1874352
890632
68816
46992
125104
71760
127020
2378950
763092
614592
56316
131200
438588
895706
453644
389620
910998
178740
281520
354240
2396820
2412844
447032
765072
697788
921698
88704
240480
479044
715638
9650
1121248
346932
1269918
1266936
50250
46960
1165440
27720
315240
773120
813440
836976
2062016
834624
139110
700348
148470
111990
454908
670344
66640
1232462
873500
134200
850632
1019664
803352
116160
1613880
274428
808992
89250
166634
13608
1075096
968240
920716
8660
1764780
366168
791886
1008964
660672
963900
185064
916888
917776
42108
1156680
153078
510120
1011200
591228
1163568
2315726
236496
991580
739024
531840
622170
1588980
617238
193600
205942
230956
427890
77880
111720
1219416
50600
273540
971760
496860
1977640
31296
1373130
262450
527342
279642
2016030
1755264
200122
636510
139426
302728
1038020
1211544
192816
163196
508464
1371220
1504336
507052
547248
682788
99072
1001448
354276
392488
1221522
129792
689670
531200
213894
472164
530712
190092
1860260
1219668
831936
329052
627300
1613104
399740
81088
34104
875758
39820
685544
351884
141168
181984
112948
853328
1840860
61472
1557204
752780
883584
942060
595272
175600
936240
1073400
112224
544128
1191008
379200
673680
378560
782838
827448
75080
135044
240450
82302
839454
39446
289668
656502
1315212
1307320
1089840
89406
1579950
1017266
803374
487664
406794
206298
848302
937152
548834
114896
614460
36300
612580
1160500
275176
1492260
515054
539968
350682
172260
382080
119040
910800
110000
275470
524382
1047736
120888
652960
1064440
250176
86438
496512
285948
4240
336700
263670
111504
58704
35448
1870224
1759032
1278204
312330
115360
603748
1442952
46706
421684
150936
266760
874924
99792
711808
1669536
1019776
786706
234602
1400112
4228
112480
894418
953316
23496
298540
1233414
622740
289920
1200914
91800
945264
2154846
59136
96360
2082526
279642
1311424
1360684
499328
76032
1097824
182832
904872
1035758
465190
1164290
318560
381858
1249704
711620
1502698
2429760
367616
245592
152316
205950
512954
2042500
1830708
849900
1035010
45628
23394
174660
1299676
684582
153900
468700
306888
588720
494856
1317404
209100
900848
126400
81328
162282
649512
175350
141284
1183050
60456
546000
1726544
335232
462448
301200
255142
802230
1352032
208726
1054092
84728
1089440
62820
600732
654300
189720
570648
200192
56086
291090
1205484
156620
24610
178436
41588
294172
584010
548660
528816
2150532
1303272
986730
391776
956384
135772
1279610
250320
737000
1823472
1423800
1659770
477432
156160
27064
152766
695198
181500
922530
334040
698924
165074
1800744
684838
314836
1052128
50064
1485272
199188
1158318
86100
1108080
47652
1125910
254818
231056
48256
149100
189744
1096976
293760
832040
1010240
400050
268370
104652
427764
54432
686800
87048
709920
1254252
269830
795872
1553120
66528
406614
1779340
147168
587512
902892
2433456
84010
229600
1547120
669120
514650
781974
120360
1227372
957436
2335420
877920
1808672
2061356
437400
545160
160160
185052
1285882
1893570
765000
77026
2361240
671700
412552
301104
93840
32368
166520
284886
2282060
178838
405260
271782
593916
2320700
574248
618322
827026
922768
1803600
43358
1836520
104666
609536
1305452
931188
28152
2208396
1205072
1283450
273306
1900368
850410
914826
153884
331056
146112
1233690
28152
47104
320636
2111860
664724
778764
826396
1067668
2219832
694080
89100
248830
385204
405444
161552
58830
655540
644544
22680
66330
905352
261690
1562244
665916
1282750
1183232
89040
1329498
316140
832034
117376
813656
324786
306612
696960
1482988
582686
608480
143840
506880
150212
402624
510112
753066
322848
1432728
546788
1318914
1448800
49268
1228852
1099964
366600
173052
605668
387486
112488
449972
813402
116066
1216866
2321296
464542
659488
391170
69212
698880
996216
588714
125000
429568
459840
1633600
602496
154254
113220
422558
309600
989842
141084
309792
1126916
1058904
722520
829836
946968
990122
806284
261232
193062
385704
1305888
2468028
2101908
574948
677248
1031814
38904
1160064
1509524
39780
445788
173812
354312
772470
22560
874658
647056
650880
492030
50388
46500
34944
834926
361608
509184
1658000
155100
714552
298768
336006
893898
455748
936192
370402
46848
546480
556686
1044480
1832278
815100
167048
1121132
505036
46080
389880
242964
187600
1455942
650240
1148680
280840
320908
1791966
799932
116012
468244
802698
729076
132940
383112
736980
121302
311948
783662
154528
248512
1682928
112528
1913348
1699470
1274400
26122
207900
80440
669892
190320
58716
1206040
697110
998486
54926
90424
423792
105520
1419550
270692
447200
131320
2281298
49194
1073928
154980
265248
327470
489062
47380
918000
21060
641472
623942
1283396
286464
484386
1742376
119232
383412
1156800
420090
2054172
128136
487216
324186
847200
171836
40040
52640
2028928
7152
177198
126752
416068
313456
1892776
1187784
92736
86864
690032
45760
1483080
240480
1330210
660880
395136
294732
97560
929448
53872
2315940
187514
1837500
107184
1162112
376740
850950
1553968
723634
2117456
76300
2188662
1395344
378952
195360
1311300
720794
1133440
1320660
1370096
1573932
148422
1343272
198540
502112
1360800
47760
448000
135148
215518
855096
332640
117504
424120
56964
1111832
1176682
1097420
425036
89640
215328
1645728
797016
309870
1230820
118552
1877340
260322
28084
39852
749744
146150
729498
1085660
302408
263200
835360
659518
431656
266814
85240
1181640
566808
125972
598290
2115016
272580
491296
518240
460512
923750
755608
327732
360612
56544
1888792
340032
1883734
2393824
492854
115746
751660
43384
84880
1008216
175392
1020228
160230
780084
121212
1915200
1190216
764260
1205010
1084488
220688
1941496
771184
850086
424628
301994
98380
44820
1868250
496984
142592
95220
104040
405552
1519752
864780
443796
305370
638482
887892
57078
1133832
1767756
669942
72576
221088
734112
670080
65614
184368
2038100
1468780
707344
51604
372512
120582
816400
83814
1199160
841536
381990
95220
1052158
102942
1661648
774400
700896
1066520
865600
471540
1535736
392568
492936
598846
435786
1189652
710448
1801440
236200
1687096
441504
814296
557872
459690
103292
424872
518184
844464
111180
568426
1024002
1047704
952824
339984
308052
2173732
184896
101724
1146860
435200
218016
61614
397222
108110
593712
433504
1336960
461250
1379460
27900
1156864
88560
1876868
138208
283880
672216
93208
1714176
436914
223232
562178
898212
87556
1610752
264616
927420
187298
336908
404800
212652
479756
1404734
161322
245672
47040
64838
217266
155300
346800
1282818
516352
1706424
178200
838746
566408
1384582
1859916
995500
336480
555822
127000
862248
25984
861416
1075360
521472
664000
192432
231880
212084
1041964
237326
1347870
345576
75262
376992
921954
138308
556956
1954494
436908
1046656
214272
234388
249840
661500
1611720
1191132
1728912
1077696
1043616
669290
1848000
809550
30480
425408
254408
27258
389532
130936
162040
248838
1957300
1200192
733960
714568
192456
799260
1024160
12388
891296
557760
815062
735896
747144
84916
933336
1153548
149040
728220
645044
1013280
1847118
1972710
157780
30720
658944
2361456
1613864
913770
698328
71640
158682
666420
1409950
1319180
10314
1456752
902228
1789452
34352
1218888
636960
281976
929538
151392
485170
583440
512730
954720
1227640
225984
1763938
312696
602020
308154
796016
1644920
1159562
77056
545088
239870
905050
1556640
545076
672100
517748
551070
988314
141240
271620
200088
445176
23760
522368
350376
1110926
283248
715008
1424176
70056
89760
1651428
416702
723290
1556464
49506
330072
840694
201318
161024
45846
758640
115544
76464
2087776
735648
594826
751212
878982
1745484
2118144
881792
1118920
1704864
132704
116032
280320
205134
861840
304794
306628
1797800
894400
91608
196650
500976
145530
438738
379354
1408216
296814
234220
958366
580796
120540
268416
476320
1036476
498780
54548
802536
549900
15680
393340
213894
61820
35650
1313882
787644
559894
201802
46032
899464
731136
130694
304768
157584
17082
156366
2027566
71848
903420
304836
182280
627346
1398086
1547658
511404
39200
241164
466000
191748
143350
976960
209456
1623996
1086300
313390
1375464
564984
146520
343200
471192
457884
1328366
374430
112728
11832
661664
31040
851250
2009490
615296
978144
692094
471410
360992
184746
1080480
2117320
797640
389240
832944
29028
28182
80960
324990
472626
741860
149376
241310
919292
2276736
674424
304572
798240
621030
691998
117062
985510
1123320
230724
1065160
916032
348572
292468
666918
1101186
921552
1705926
362440
1886136
322636
1256552
1481506
1262608
1986696
815832
285250
46760
177840
12250
1008200
799000
937440
1564000
1775200
88480
1093440
2395058
337220
304590
963500
1048320
2346510
295596
540882
905100
1902780
452640
811174
857600
260604
697056
1205032
245220
452598
1242880
422144
2036470
1594792
210708
1508336
257476
1122864
285120
384720
590592
652380
168740
789968
116376
923450
1881250
63364
1668996
746130
1943104
263520
1086246
142890
249696
182108
415008
180000
2196000
1051600
1265376
921648
475134
1262924
472320
142128
454230
1783188
600810
40950
1126000
139812
1080556
2111326
1869252
499422
457320
1287160
2462562
807576
1534272
118008
25750
622908
773892
165510
137400
1044978
1155154
735332
163152
11880
399024
38900
586920
787614
1291844
216672
440544
288426
1964004
469638
244572
397440
501600
898280
141330
612876
210676
868000
88088
741240
139392
1831536
34200
2342982
941288
1596760
46200
288496
1964656
231040
1110450
252816
988848
1175490
1102140
157228
1526172
428160
276318
100290
279440
255780
765834
500500
1028430
416448
87590
1527804
87220
274968
1293980
384180
1005600
634452
244216
102152
655614
46320
1643580
614088
484054
731644
1388104
320138
229066
233864
579832
1564046
326472
233376
373626
644126
1580250
1057812
1035066
15794
156604
173420
945514
1088838
1902984
1787208
1574388
542722
115444
1908540
1963236
525000
899870
280140
116298
1573376
765534
50034
781788
338500
2418064
284548
120910
2319330
1072476
932720
679468
149760
1106350
1577556
298448
108720
2042620
529840
231768
126776
290088
1258848
323232
488320
2050050
233244
1036728
120900
124032
199408
193914
585504
1085230
371376
1786408
1476750
553736
1311522
275608
90316
159222
367056
86994
335280
2324840
633040
1001560
1043100
147340
983296
154056
813750
788212
327152
544784
688160
2013448
443156
899028
184212
897036
455800
363132
545380
308000
221830
42756
577926
178236
1445280
831796
180936
107464
982380
733080
1461768
108438
904364
750464
1181720
583660
67920
479774
763050
614592
681300
743544
1193930
58770
623854
122120
1795878
901392
455940
867888
1614416
141912
238914
820336
314064
376092
305396
374136
1097468
188454
827008
607244
1190886
1415256
389506
750752
859386
1791770
1478204
826672
234256
1698476
465464
367120
109044
371712
1700820
463904
43000
2180178
276450
931152
1001312
1208688
143748
379254
286578
1160856
99360
1914430
19250
1236664
441048
301680
664400
24864
358752
76464
1496592
1335712
243824
58474
848904
731016
1622124
96390
38324
507120
731530
908960
6888
601728
1650720
1762476
73140
87978
1718712
19940
1409360
231330
187128
130788
27690
121212
1493518
52240
55944
603936
82944
1007412
614730
138688
801042
277248
649856
574308
600300
39116
535624
1702904
412236
82560
994544
576032
1844708
236170
810434
44662
845130
1743224
1601864
277020
1011654
2102192
265856
931776
1135280
164736
303360
1211568
920406
193380
249636
772330
302800
334180
318864
426360
895200
788580
36224
99090
65610
57464
139194
232656
728994
269824
916128
951552
620768
1529766
129904
1203266
472328
1126862
876960
1489920
253232
1494096
2245644
177674
640092
922528
740010
136400
154050
233280
958576
2097120
789824
87854
722264
1772786
568282
1005832
488360
906564
1156976
432648
178866
59532
113544
176480
495600
2097522
1276920
2317872
180992
1217580
1392832
131228
1711080
331816
410800
348920
71024
1202926
615088
1590114
40712
955056
96800
1111590
137724
60606
1174572
102672
80288
358000
297756
177086
645392
402110
372248
1062048
862290
375476
2096780
142860
558038
1326240
25360
503362
170544
154456
2056400
418414
579786
415404
2279316
64400
34216
372680
134328
1054412
959300
627396
130376
384540
389136
264924
124160
1034956
279086
66276
466980
1699050
216576
127140
112840
100092
298716
633190
406616
1888224
1127120
447150
1635216
352824
120258
86088
981134
791604
929100
486360
790720
631300
231132
1819176
2138940
181740
923910
1455840
97470
29200
526358
1195128
1023750
131036
807870
148108
121650
166782
1193404
1576260
170166
79050
1553096
189904
801026
865640
51086
1105272
82824
515412
393876
51612
1163900
232200
78870
1159710
202944
542960
1337364
329342
503644
143260
810964
2047386
628556
89640
1735920
55616
445608
17472
2319408
74400
39192
250390
761088
544640
2237136
164052
614194
303170
690690
50196
454230
1163880
326800
423750
1761896
851980
100728
585536
36324
873630
497292
380480
1391670
135828
1059474
690752
152490
136836
15144
1765218
1220940
660192
1316840
479372
1374912
674784
203580
334464
355152
386716
270256
601200
207570
199080
217664
452770
768604
1558722
321256
585840
465400
1382426
710360
247904
90978
280450
157122
58080
41004
1249322
1962604
1216930
46360
211400
1112396
845768
169480
140138
1737984
141400
388908
915718
661320
1019586
244296
218448
541350
1145150
1274720
1114460
40454
550782
317090
665358
128060
469476
381440
735402
1219944
647868
1031580
195210
2185014
1893156
371472
916344
81618
1738688
32028
1136232
171810
214060
1214694
742644
1627170
170868
305400
1116960
406272
1378806
572880
498562
24424
121164
184224
1255760
179664
1228284
161466
40742
708624
1233310
1201200
908202
613408
244296
169800
180336
1491710
27792
1986096
836160
656410
1275534
1363392
1514832
637670
610560
523260
98160
303680
278632
173420
933450
1061082
1175720
1464960
133860
1214752
819658
371368
237540
1110576
1722160
942340
901272
321920
1594560
599032
65124
859692
169290
102084
1128610
367336
273156
484866
668440
185196
802620
1201464
269724
402400
662688
40480
2232120
510156
285684
425360
124640
767936
812038
992966
799920
48896
443610
494700
148700
384912
144078
2208164
2082208
207390
838140
37510
2357462
1258192
501704
192080
156772
1287772
1230658
844992
1708840
397980
1330560
262824
124950
744000
1184730
229570
46280
542412
527688
717240
434808
242640
106992
427396
1161504
704064
105868
554064
260580
451374
235388
747544
190800
326048
757740
216380
655004
167504
1462968
943014
700256
1710880
43104
253232
1518910
257816
75072
203100
1037330
1001248
287800
622280
1035734
1134224
514800
1199048
1314170
1007800
1405080
134044
312828
421632
1831720
1751120
1154512
159210
142416
2591352
498162
267902
170940
1818450
2084030
293384
434000
183848
121000
164456
887400
1246124
967580
1022892
450638
583266
977328
435642
853420
2088988
191160
233640
464544
193424
103936
412020
441408
942564
575280
1462272
1916788
988380
1076514
310800
196080
260930
111996
244608
1070762
30012
778932
167328
560382
193160
220430
89440
1592814
52650
680348
96292
45144
714988
1255172
2224506
271600
777210
769860
2114892
448228
293580
49200
627770
1203000
1970088
2106324
1053508
1107652
527180
2065800
2084404
199272
87612
681908
618300
160944
1530060
1168160
284416
1229100
271188
1309200
786816
16656
975928
801164
204544
49260
710052
166448
110952
863628
37116
1139872
469820
1159368
1397352
854000
1129024
1099098
2261108
1261920
228872
528408
101920
882840
506828
746138
177120
144704
802080
42828
150040
156650
850500
1250100
445566
24656
1078080
342342
266760
1900866
1075464
403072
273616
296058
1587732
63456
1861464
1109624
445446
734198
904452
1052088
976140
977550
1240800
60280
1985490
477632
13320
682216
513620
447104
861588
1725726
61124
260928
224800
1132080
1044804
82632
1388608
96272
845880
404914
1240558
1115712
348720
1502100
1158096
275766
205184
438192
1302464
621392
88288
1547176
994580
401636
509958
1039720
299280
46980
1344288
212648
1737328
1452652
923832
509922
209330
1830914
748006
15660
84360
587512
819264
1436630
1721700
697460
181984
225960
245630
397580
2249676
1469600
806276
1011346
569088
156748
1582080
1652160
401880
224448
391816
1259830
912632
1206690
45816
569160
272538
255528
54602
393712
91770
140310
1893630
691784
494640
317880
736560
423300
709440
364608
287712
1702392
19350
21600
111000
1946790
311344
352288
333312
914992
981996
81468
221400
63168
237876
214758
476904
38800
216020
624150
465300
1627468
8610
231136
342300
633820
839808
476966
1739316
105600
713980
449176
172584
1411600
1252104
144320
426952
41040
125810
98080
228014
111510
1185114
1599562
406896
87570
645018
2321264
140360
923260
435810
139966
1886392
360620
538248
752640
351416
45600
1279228
607200
246708
1326780
981560
1345400
1361364
224130
2104454
1197424
574992
1447628
196300
260832
307164
233740
260784
1273232
188960
389250
616320
754986
336240
153408
2183820
310560
101240
323064
201800
491970
309958
1115440
195480
647472
995026
854810
931060
184240
1503078
326180
55930
476840
293756
38272
348400
522192
448700
2346710
247554
686952
180926
80868
115320
770704
60914
567256
436492
316008
866304
769120
343200
1022976
44640
136850
185150
1166256
1973268
830576
238308
1104126
1646008
206336
648024
1277250
236736
364320
953536
1877268
796224
1423160
1838538
1113728
550320
215136
165104
290248
1857300
170800
1886592
333812
146160
259800
1727312
885310
1448940
535920
2084112
632462
561368
108262
902100
1622358
501750
35088
629856
341256
101520
397824
507240
369720
267300
107920
1228800
896064
1218808
622960
710692
153912
758784
162426
1015500
1367472
936960
810748
86968
1132770
1359760
247800
484008
818802
102810
215350
1375206
325480
486540
967866
309016
936544
1110024
368394
398080
150480
92560
95648
324500
46200
732282
413850
234220
211152
463320
321552
381710
390800
85956
183768
118528
1224360
189552
1133832
2045428
1910900
752426
365664
772632
1255944
1098560
319156
1681184
204972
334224
411912
758846
99880
909192
633834
1171500
1042530
2098184
128700
130662
215712
69552
70512
221364
531944
985760
1769232
807072
281454
680860
528066
119978
581616
84350
158756
2112572
831028
908520
807012
947520
432880
760550
82948
1590072
673848
1004792
1189552
1396380
755328
148338
2187248
812514
154198
634088
1119768
71660
1346976
593340
367908
824500
1889970
770338
321960
1225744
23094
856020
109980
653464
1851150
551040
575960
1013576
903900
31096
575200
65852
1653742
1447720
1232748
771464
794112
828240
931980
143918
140896
1050420
1128354
393272
99200
1369470
130048
150846
1154372
370496
651276
1480880
148212
338458
337428
416640
1083240
1564986
1561248
1186560
1578758
81770
412128
1420500
1551760
1834560
239878
1267000
722764
296144
1612548
1239112
2317938
927184
229152
503370
1524072
224070
19950
301780
382608
332704
1121120
1072656
255024
1182974
2156744
50540
341272
444096
522880
229056
256704
755080
200500
576114
201506
646464
139668
35490
254364
428184
234192
182932
362376
226080
748400
124098
1874800
74582
1717170
489944
34848
508202
680680
606544
417412
642096
576900
210576
155120
238992
1641498
1860480
525096
728620
649026
344422
125944
89400
422110
1768194
977868
374870
253440
158696
55696
649444
667296
1943668
1075940
1150878
311236
319896
602952
71928
1217040
641070
2109414
809784
468806
2345344
38688
196960
273920
36918
14720
1151780
77148
17850
314336
689416
1673280
1326100
1019502
878420
636460
532400
1005934
704760
13450
203732
595192
1255960
227476
225028
131478
511910
338646
1348908
780312
2030208
618480
51480
1180520
286650
222070
544320
1178190
767598
517188
244200
711666
89952
70488
1987158
2115500
43626
1212352
1561234
867878
375210
96280
349434
372386
62160
818064
458720
1003800
1326528
838944
73964
2207898
578288
167880
387900
1778504
890892
1426950
1714932
180574
806020
693760
418030
810496
1083544
661304
1107700
248368
1716832
428922
1602436
1387320
1888004
167940
2107392
745524
2154180
899316
111892
186756
198560
1302624
609878
43440
618602
1744984
719488
122502
943488
2150064
294294
1966120
106418
784680
12744
365066
303520
601970
104232
361192
88958
538832
1901984
675444
719520
380564
450060
371680
2335568
550368
1597200
279180
937440
138252
417366
286800
450072
749202
320544
1382260
67268
215280
235662
2148560
2436552
115344
913786
393552
1709220
686340
1650204
336960
186408
24240
377024
506024
1240714
63504
2044488
289772
13572
43092
61488
222564
105270
1361070
225680
809424
180232
1643280
384636
824850
1211520
1523772
177192
676746
397632
1075688
1444152
804420
1041504
352716
560070
246376
535780
950300
436238
264700
199804
535308
1833300
1864428
88540
24836
431800
187392
411160
731910
52170
1444830
700902
64064
1100682
939968
274584
157432
1520900
492590
682076
890100
143484
1012434
574560
437598
106652
566280
1126752
1878512
1003912
741508
277480
1712308
838674
692476
166140
186620
299250
2061900
270272
1437490
992712
914080
54824
1891124
1232704
630336
539700
675272
763628
34960
983460
117894
395566
824760
1603152
304140
189744
340256
692990
743814
114096
1075200
835376
410304
12064
965944
1459584
69978
1989088
1226544
2948
289478
436992
896512
804492
597056
408524
1194908
48112
830584
918996
879592
776986
1510682
250518
1061500
1099488
383616
1911432
584928
1405456
831864
1286064
130088
225990
429660
108640
37128
123232
1972590
732824
253616
601776
145200
87768
349680
713286
1744872
810488
129888
1980802
1572516
941292
1304192
420000
155344
699300
34692
422928
17714
272880
435948
127512
715728
1096984
1362816
1921598
1394094
797640
1395640
1158144
1606176
133468
287976
2289770
962928
532128
2234344
102176
542564
1140480
143080
1727868
638248
526880
1331148
714384
1103036
854832
986468
1198704
1094700
378480
520352
976872
703728
374622
669460
2099600
232116
1428000
922296
274290
1861828
844644
487376
421228
1021902
1598520
103544
911360
1046908
232968
107052
2090382
109510
1302080
1632800
1817640
2007768
179388
612142
391680
31310
603820
20160
1245646
152800
57492
1897500
1189896
1370608
581100
91304
1498404
1127610
103236
31584
868752
159160
203796
1251656
304640
115892
708800
792132
1706010
1228780
282744
1680768
501000
60032
492228
361350
755940
134400
313624
318288
251300
445120
1104516
442776
1699392
704616
425344
428030
1516200
746112
928848
2194500
694624
136452
116900
787440
203944
862872
769600
211138
2452224
82404
97088
249678
59148
996160
1513680
716274
1239462
184900
116564
865792
1358954
1589504
680180
98256
835380
136620
135818
948226
820996
91098
79296
642010
452514
388080
1917432
363426
1821200
1557440
16560
1980300
720214
1288470
161400
2082168
1569372
272018
155264
1058798
225184
1248376
1438200
219480
47952
254332
897516
1334872
550944
1361948
467360
27434
365904
344080
241740
1324300
1759704
208754
403088
341420
1484338
1297268
782628
2057068
7776
145700
187368
580070
749244
291018
593856
450812
1426228
1288112
304680
177100
369036
806552
517832
133650
331162
183702
732816
204402
537984
1797400
169580
193284
50400
1077076
81600
62238
1226816
510286
343616
240340
793812
36252
176384
333000
1631034
308912
330000
64974
1338688
154752
1063188
1187700
1234316
95410
327096
1483520
390984
35970
383560
45584
1515976
229248
918336
858000
1289140
1443610
29700
1096342
294960
1525808
1570050
1073928
609856
749700
482030
14946
103104
2077124
697410
2312442
527280
791864
1068072
258020
53000
1089740
372988
746480
1292800
355520
171136
685580
520608
249884
857766
100128
476268
308066
234496
310932
64416
1295500
671332
205338
38180
210760
1275080
29158
80886
1424280
760920
65670
316996
704140
298080
823788
346236
500526
2167650
96120
242880
216640
831464
1077222
1968998
680000
1404936
170050
1090944
154790
517328
668224
271908
1035576
217248
34314
2244616
550184
69120
156130
227880
1184006
172326
183344
160080
499770
938304
548284
920928
1565504
311168
753060
1899018
917694
642096
733212
493928
251280
1487632
827200
462902
656378
1804668
512856
137500
818244
498150
210392
362052
840072
78498
1576050
942732
1394960
135266
132480
477184
1238544
273600
254080
232162
3848
2024874
406560
628160
299024
338380
148992
96668
898288
86310
433246
808980
1268608
2332890
1247130
447480
1601628
340512
313642
876240
903640
2252856
388416
847320
958292
269742
97632
400882
150866
154070
2325300
943228
1894800
214914
114312
221064
55242
68600
733806
525310
2405774
122048
1154048
605232
26572
100560
228324
242946
64332
596160
122016
96180
344598
224900
103870
1657032
249774
76540
1312800
208824
219924
17810
78408
1553994
1320888
1756548
452880
70848
278080
1514632
1735188
1064370
238204
437552
1039812
262086
789996
1425632
648560
211768
545584
26784
284000
1079232
1055120
353250
819924
207870
28416
138006
199472
883792
1909620
110644
54768
526888
1492050
63160
714460
688160
211140
1620850
401850
1379954
1174924
40576
2527616
647760
488220
931776
4968
1585080
336802
193160
330660
442196
706500
187674
1303040
2329710
272074
847104
206628
1479924
825120
37824
159138
2279346
348500
206466
2044170
291868
1016346
18384
7332
1824498
762620
165148
389528
62712
84492
142038
1523766
1163482
1571840
742200
228720
282360
225780
49284
1996060
585468
237880
1447488
768096
1289750
78390
35496
913744
164106
1995432
79632
170520
390762
1070232
51736
130274
681792
431664
691656
1546218
231616
117882
24408
210804
473520
115670
737154
33118
1514606
508400
58240
662596
99820
1318240
293650
585032
832528
849654
1626020
65610
192816
339388
221088
1428876
2234028
1319246
197040
89166
769810
1343034
514344
527162
1536080
760920
1726560
1355680
1284732
442368
322644
360920
1369248
99624
1083440
1263274
141688
490896
503532
1031744
1217000
213234
44352
168096
395920
714400
489288
1105426
714612
514500
436500
278740
467376
665280
681210
301494
310464
748000
418656
539972
843780
599472
1647000
915486
294492
44616
79476
214304
278344
242592
572712
163496
231660
380998
343440
863752
43120
581010
146300
292400
334288
134292
1002050
1527696
406348
1214370
523744
1047960
1000008
2340718
27306
2324322
1248324
299376
1151280
2063790
129076
294880
595774
725324
1630408
247012
378456
1990020
1038886
971964
361620
427120
9646
1714728
43248
118110
1373232
1261656
1589896
697856
1405952
171150
607320
391298
1287440
1313148
835968
253000
507906
1832324
215936
1166980
320850
1111332
416240
194024
479024
601960
1664300
389538
376774
130610
728750
730908
689376
645430
92232
2197280
941968
155844
42412
1645464
316290
359762
405588
1239348
1180840
1725408
217140
517132
1299000
361440
752496
879676
1351368
669372
853948
554760
128226
887356
35844
852128
256428
606864
1038960
161676
124230
225588
436870
877374
2290284
897144
1406156
1374144
1081938
292160
172272
986366
87282
159740
1583388
130152
319590
309838
870684
710976
872160
140400
444972
1455960
303450
921436
466944
1287616
165048
535048
122694
742730
300800
1351980
900960
205616
1145540
673806
272520
1569960
499928
1086868
1738100
2246952
427794
1926288
1775664
107982
768490
2310892
510040
1353672
170156
2199610
1228510
494520
86072
248234
122436
222300
407262
329160
232028
1908930
207144
1212084
214506
91672
806714
123600
89648
324864
1481376
1907052
91500
594252
447672
1311726
2028472
997704
286758
248744
111144
586224
326864
792756
1361702
1791986
1762992
1048250
910062
1008844
2016380
1682626
289800
1393028
4680
271952
473250
1031772
82000
1031914
413770
61610
3822
1910190
200832
734400
93800
1226608
1108602
437424
330448
404964
784800
16050
1575126
211432
118440
1168518
18780
268618
148534
1687412
39004
349050
417312
1647334
288624
1215052
264100
944694
1588390
210512
700470
319384
1883400
1466998
212760
669644
44492
391248
69524
828726
610616
209400
469278
252900
1182384
889804
775290
633556
1703520
2148624
1180608
288080
1253490
626544
1911140
336102
539110
59280
35866
195408
261750
1192328
324060
839202
698984
314496
196328
204340
1116180
621984
1151892
1815390
214380
1192136
1940740
374680
72936
373920
408204
2084952
1132176
804448
462000
349140
442884
920160
160524
315000
702450
1136436
946608
447702
1593174
405020
118364
270916
768544
87160
218688
63612
393568
1556160
801320
698880
237900
1334200
866866
1106908
460362
1157782
1339920
1424376
905740
256896
204052
72864
1179142
2099796
220662
924784
187120
154652
2283460
95372
253184
1809824
799686
605640
102480
70896
61028
468480
774928
157194
942760
883878
942990
42432
243344
78380
376188
246344
1049074
1220812
1332648
1907448
61740
2007552
701442
48300
869718
980100
66560
302870
147896
280260
740444
74520
339942
422422
70930
172900
986700
754968
94868
933120
39480
112752
2232394
583882
1715312
248332
1269866
205788
13328
956480
2167200
74360
965712
1851234
112050
2106856
358424
432864
1512336
812000
254650
170578
1833576
1285920
837488
1989928
456246
732720
425480
1340216
2026080
816214
1623040
1165180
463778
111328
376650
422136
275712
64422
68556
1061568
345576
919360
761852
992496
774822
199360
1387646
652536
779960
1027170
198444
927072
1304624
1309284
50502
440800
183924
963236
565060
116966
309760
474262
34360
224082
329430
967708
1239784
100344
565490
720460
406316
857024
527916
435968
637824
868150
1630186
1379582
184184
1583830
507780
139004
357570
338560
51136
132524
293656
52140
201330
326430
2441500
598488
707616
491480
730592
704184
1099152
30888
495196
46552
742730
91760
436160
1020572
1736790
929384
73720
201438
882396
617132
651586
1430044
958256
531600
1736040
821280
755814
108768
350648
133524
941890
686952
243972
1270720
207960
2299140
596050
67200
256788
97600
292320
163438
1535328
1305000
28224
1345800
1983904
853944
286384
1448578
304094
638928
1036024
99836
104340
282030
1256640
1018948
168818
1343570
891250
34068
173664
1306960
1320760
328720
78120
625936
1677620
1888608
1391110
483288
94656
358870
625800
284316
50572
365434
204966
451840
858790
241164
34888
241660
118456
259584
1345652
286728
1858500
400406
722064
1371990
1510704
128988
141280
46782
140148
556764
115522
1308580
31672
604800
44496
796620
228072
69264
2186688
241200
441324
447862
89298
1669432
333234
749232
261252
242252
183634
286008
894124
756978
71720
536796
105162
37440
97200
2428316
15914
95920
1195632
1342224
732282
801624
1432488
515112
572880
549900
127020
125902
654456
1316784
30008
1082424
499968
1882938
298592
262354
25806
296040
18432
56028
630540
104580
132594
1154688
27274
328092
275366
236948
1535628
488192
92820
677198
234468
141000
921294
585480
665280
1122768
917910
386060
364446
756960
120120
290830
120660
915120
2345826
1028704
1037520
373842
262858
212562
309246
650590
321200
1255254
348992
127310
164934
276640
763572
222010
224280
1570342
824076
106380
108066
2306220
745624
363118
1020050
289940
453510
67920
1435896
30472
600384
117564
24668
762888
164934
1521612
2010918
635246
1198806
1675008
1576080
1338216
166950
847260
2255808
2072536
231994
350900
12580
1562598
957382
1534668
100958
51408
386640
928098
1829080
1720130
1218672
541198
1518696
122026
15990
194040
2289200
2424158
71370
1813882
2213568
1661756
1776072
2295748
280368
468090
1630080
239730
339144
1362690
372416
484386
951584
226920
1771740
433224
585550
1575280
959616
732000
823588
25632
46784
461028
1837836
1377492
1059828
457320
304512
1942360
1904382
264922
1006362
1469216
2245320
982752
93540
155360
246560
692916
415892
400728
126034
1583648
1695970
199578
577806
225918
579916
327376
48216
72520
781830
652540
58582
301950
444318
810266
772110
81228
300616
1046750
37380
117688
1736238
1229088
1550958
48080
122774
729410
80782
1923306
264500
1256472
1645600
18942
1290784
638634
1258910
1523496
847080
657300
583244
495880
280720
284200
1097668
925908
1214580
522440
799700
563376
1183050
111692
957852
1215648
1008360
245952
452900
523872
54400
1366904
496616
1305832
56440
712674
1137804
587480
402864
411872
805690
41974
189544
1253572
50750
1610400
307992
2305268
354634
1208096
585960
42400
616224
243620
1042130
603534
1536832
136296
109242
1577888
274224
1719120
442382
1500606
1618448
615930
1256948
86632
620860
163240
1675100
1204416
925074
786510
1251952
975762
92208
132240
2170112
2247680
1065576
1911000
611320
424764
232024
952280
103452
620980
758230
540956
1300568
1396840
593776
1890898
416520
1243536
235470
31784
322428
1057688
572750
2462868
1670466
1829992
957836
252720
149968
93252
24516
61600
494408
88720
93482
1017320
118368
421308
120150
141600
337900
1359900
3810
494046
253020
255240
123552
468768
105096
250712
28782
1011150
1407762
1166400
244688
593928
670568
929268
743712
120872
890256
949410
944394
545328
452184
7196
2191008
135654
457464
676896
862840
1387584
195900
271784
20496
398090
1282500
496186
1093240
807950
938390
1026382
1142886
277500
687286
261002
367000
384480
1246488
275930
1122728
212368
122220
259776
134416
81000
62192
104470
762792
411684
119000
729960
123640
331874
23760
46920
1926810
1045548
326304
141440
869742
255360
1408428
121520
144452
823500
61912
167000
68490
784904
139902
274660
325076
269854
855790
478848
269500
1651936
504644
334800
630444
30016
221774
1489768
445672
240634
134288
157920
1216720
520260
2426400
1579732
1097488
171760
343824
1533776
1252590
5088
366612
463100
98840
778776
143136
36186
643528
2140528
1185244
547584
882000
143640
934308
954720
94160
501120
708320
257176
429216
635352
513816
570240
1397242
1586982
391644
247940
1328040
604656
703840
544558
1310802
903552
1182030
443718
862004
591888
258234
48050
1322970
260628
61676
136188
632788
463736
775552
415614
1626768
140544
777600
160834
342324
968876
199728
466704
207168
215992
184016
2185264
1576862
245440
1042834
355396
680342
1958580
1250928
1844590
469200
764904
749920
224664
2361216
2044896
428544
747942
284068
269348
762824
1256280
157032
1195314
665802
626820
221232
1950996
307824
750056
551784
10584
432006
555244
112952
577104
221364
893984
65366
1575546
89816
977200
682080
148320
63036
1409552
1815158
1192734
504976
380592
181148
232668
397800
1153932
201194
155652
578664
2147054
1895040
550800
29370
145220
261744
109590
381136
536774
21060
737100
1190034
323760
473340
577148
1734840
1213324
1829748
1294176
200384
1459872
846954
351378
127868
30074
1047200
736812
118140
73302
141708
544280
309740
201188
646360
1491534
1307592
566850
224434
69000
37240
192780
1930124
798600
327872
951808
2433168
239560
181376
363168
99918
2229544
741600
1011582
162342
157964
210276
52416
51140
9648
359890
446608
2095554
148580
1046240
1569960
966150
1056400
579900
255794
56154
878322
1569466
154440
563430
457996
2128800
74480
690390
567524
838880
62832
1096938
821004
1906584
1813320
636528
338754
733464
259064
1261592
633132
1151712
202900
773136
1140552
266784
1513578
378820
1026944
1015280
65200
166152
978054
530712
178160
206544
1888560
1043008
165886
824528
1574880
28266
138570
97364
786396
145476
796924
358868
1523088
1362528
93480
1207540
44080
980976
45920
618228
85932
1636956
1895500
428800
31602
510540
767078
118590
269640
1136484
335940
469574
691614
436800
591376
731604
173356
1711088
1140744
669972
331230
286286
1538152
942196
181114
468504
2078540
977800
112980
672168
40138
553468
1441488
270000
458160
377190
380010
602820
1749120
645000
64904
382872
100110
1275988
267264
148610
168060
709236
2015064
491400
1360040
1545384
935152
344088
124146
1368474
247160
1746504
51480
371976
1654856
164944
437580
1572750
1516900
1445544
1106460
82500
342856
396000
860220
1721848
325864
1948524
1191562
1213542
317440
321440
123516
1432716
56488
276360
264486
72200
1328448
222240
44296
391248
860806
428980
787634
1516888
702468
523110
565876
775464
143260
311920
264552
304560
2255526
195288
69840
1307618
201498
96910
1909908
98804
572040
168784
594960
121688
1048144
492624
133096
662656
825562
1125674
291166
34060
1108224
170578
1118096
19344
1179616
147664
268056
492312
381186
81224
1018072
841412
1815360
258192
1158660
1143558
153032
1386240
564358
734412
1366086
1182180
1355040
201110
624332
480384
15048
245290
1465496
111720
368000
63624
171666
293460
220416
69180
47700
1770490
374832
236618
1262000
1072732
550676
860016
860452
1263624
667116
40260
1932968
565026
481920
148224
1539690
480236
1131084
563456
213560
775424
431790
96640
1201772
488530
528640
1258510
351744
19228
11804
434010
159280
103032
160064
598410
1437776
2353050
219076
848308
2042972
264368
948780
107160
694848
805350
1351572
25370
553920
720460
1626560
1394536
642720
209350
121240
907112
176688
23712
685308
1165048
216600
278208
54000
1199616
170864
217910
341600
1958544
225888
982128
426816
356112
1445218
561462
830520
1615236
139872
852174
163668
224824
1031424
162282
179046
581166
609532
1674114
181688
167376
661940
37080
625536
98350
629680
139812
208656
96144
360992
767076
206340
163440
640968
280706
575718
427896
129268
1761984
163314
234910
228462
38020
93264
690928
463050
11792
1102950
14370
188784
132608
458762
1286200
1607046
1275286
1148316
688584
694760
214406
220252
512622
330050
124320
773160
256000
323244
169200
676800
818196
55650
987846
40664
632358
126120
197372
1363180
1264050
500132
1838736
1132568
552318
163748
2339532
1178100
143262
217700
1018500
255668
126000
1222550
79884
1491472
852822
277144
336800
350280
908200
1618624
1589760
1346602
22352
104208
117392
1236560
533926
34456
282310
1120000
138372
42768
1208608
793440
865592
738304
622752
542652
483808
377040
1203952
188550
399910
65952
51496
1603284
856830
428196
779280
314514
342576
1548272
37170
110160
73500
1019924
1243506
403706
77584
856980
603288
609532
556612
980400
798012
830580
433620
1507344
205556
1325176
12384
297972
2078748
1515136
1034950
1282072
341100
642912
1170984
317476
300820
624834
811538
1456624
1228292
1417728
875568
1782810
880770
207760
1679664
698000
864556
218940
91800
2198760
678490
217674
446544
324156
1417952
1471792
1920000
784148
666252
113040
1009624
1994772
58464
423000
294624
938366
147384
184546
99552
1380704
1926818
787950
568890
1225488
2004100
1249440
385776
807000
652528
532260
373632
754182
49952
372060
361152
1039380
108984
2144814
651920
140104
792064
664668
395064
525600
1460584
1927504
91938
115874
914368
1403928
1507740
654984
303892
438060
575396
306834
413356
1456008
344510
354386
343740
593384
1039742
985088
1221440
23244
336520
260736
997040
49236
1481784
314720
1853886
796740
1112870
1495504
887744
680960
2051088
1025904
1424192
1947280
1735066
812896
226272
371712
1326924
1520670
1081518
1526754
1012682
1149604
324008
959812
225000
903282
289110
548240
1874896
720544
235054
142120
958876
91960
200294
1736954
235846
431880
978576
1103216
2462060
60742
1417176
93330
688528
1170904
534360
909972
1298470
1259632
707616
1922256
783120
96570
791010
883820
1533610
864948
105032
64220
528382
140492
29256
1169496
141204
109710
1296050
394144
215642
399970
1441434
1277782
214000
439488
1559954
261958
912220
355740
322522
1246608
299744
1569072
21840
362932
1207886
177960
22440
886144
128838
816500
77376
302544
654948
1235000
438256
63000
525030
180072
804540
375972
1235412
370944
1581216
292194
15120
477768
239440
804468
2106316
150024
63344
449376
117622
36750
190600
386022
39042
310310
583484
1531936
60164
1768162
1134300
414018
1122500
1088360
60216
385392
898452
636120
1138368
720688
590520
1188792
1077212
73884
1401456
2140352
558208
2104560
977550
262384
132354
1074744
444912
740992
137602
1292224
700896
1339072
1002936
81096
2153400
31284
943464
124672
688336
29744
1821600
383834
91238
402336
456188
40110
114312
82362
892968
37052
1269450
793440
259666
93440
51714
1857132
2331504
370688
160380
459744
583944
7470
363320
1401332
24752
488612
560332
950730
1021268
447222
153126
1264120
64420
1471818
672510
1168960
121584
114224
849680
530292
460152
2343008
2141284
424764
655200
320334
499832
667024
797440
499928
1352016
876960
1515584
1011048
108192
286416
1485696
1685920
688332
180240
58212
389160
198750
386152
992544
1247008
730740
1770390
963282
43710
1705950
291992
246680
450216
899870
2028270
306730
99420
1076376
702284
229600
665384
324140
668118
74648
938496
409252
1111630
109032
20100
426690
240312
1128840
1133502
359424
1409382
1447068
215820
955350
772064
35440
627356
491530
432390
245120
231504
1110540
204776
152290
872576
427728
916264
464360
802200
548262
1194720
24168
1833924
766732
144000
230670
437388
1440946
76384
1020000
405384
92416
1395876
209412
23940
123954
224910
148090
577654
242372
676512
45372
387860
2131500
233248
1184484
